{"/home/hungryidiot/study/SoftwareEngineering/SE25Project-17/frontend/src/components/RobotController.jsx": {"path":"/home/hungryidiot/study/SoftwareEngineering/SE25Project-17/frontend/src/components/RobotController.jsx","all":false,"statementMap":{"0":{"start":{"line":1,"column":0},"end":{"line":1,"column":26}},"1":{"start":{"line":2,"column":0},"end":{"line":2,"column":37}},"2":{"start":{"line":3,"column":0},"end":{"line":3,"column":113}},"8":{"start":{"line":9,"column":0},"end":{"line":9,"column":26}},"9":{"start":{"line":10,"column":0},"end":{"line":10,"column":14}},"10":{"start":{"line":11,"column":0},"end":{"line":11,"column":15}},"11":{"start":{"line":12,"column":0},"end":{"line":12,"column":19}},"12":{"start":{"line":13,"column":0},"end":{"line":13,"column":29}},"13":{"start":{"line":14,"column":0},"end":{"line":14,"column":20}},"14":{"start":{"line":15,"column":0},"end":{"line":15,"column":10}},"15":{"start":{"line":16,"column":0},"end":{"line":16,"column":28}},"16":{"start":{"line":17,"column":0},"end":{"line":17,"column":20}},"17":{"start":{"line":18,"column":0},"end":{"line":18,"column":17}},"18":{"start":{"line":19,"column":0},"end":{"line":19,"column":7}},"19":{"start":{"line":20,"column":0},"end":{"line":20,"column":53}},"22":{"start":{"line":23,"column":0},"end":{"line":23,"column":23}},"23":{"start":{"line":24,"column":0},"end":{"line":24,"column":12}},"24":{"start":{"line":25,"column":0},"end":{"line":25,"column":69}},"25":{"start":{"line":26,"column":0},"end":{"line":26,"column":88}},"27":{"start":{"line":28,"column":0},"end":{"line":28,"column":89}},"28":{"start":{"line":29,"column":0},"end":{"line":29,"column":13}},"30":{"start":{"line":31,"column":0},"end":{"line":31,"column":3}},"33":{"start":{"line":34,"column":0},"end":{"line":34,"column":26}},"34":{"start":{"line":35,"column":0},"end":{"line":35,"column":12}},"35":{"start":{"line":36,"column":0},"end":{"line":36,"column":38}},"36":{"start":{"line":37,"column":0},"end":{"line":37,"column":15}},"37":{"start":{"line":38,"column":0},"end":{"line":38,"column":24}},"38":{"start":{"line":39,"column":0},"end":{"line":39,"column":79}},"39":{"start":{"line":40,"column":0},"end":{"line":40,"column":37}},"40":{"start":{"line":41,"column":0},"end":{"line":41,"column":43}},"42":{"start":{"line":43,"column":0},"end":{"line":43,"column":37}},"43":{"start":{"line":44,"column":0},"end":{"line":44,"column":17}},"44":{"start":{"line":45,"column":0},"end":{"line":45,"column":94}},"46":{"start":{"line":47,"column":0},"end":{"line":47,"column":17}},"47":{"start":{"line":48,"column":0},"end":{"line":48,"column":105}},"49":{"start":{"line":50,"column":0},"end":{"line":50,"column":17}},"50":{"start":{"line":51,"column":0},"end":{"line":51,"column":14}},"52":{"start":{"line":53,"column":0},"end":{"line":53,"column":3}},"54":{"start":{"line":55,"column":0},"end":{"line":55,"column":14}},"55":{"start":{"line":56,"column":0},"end":{"line":56,"column":2}},"57":{"start":{"line":58,"column":0},"end":{"line":58,"column":31}}},"s":{"0":1,"1":1,"2":1,"8":1,"9":16,"10":16,"11":16,"12":16,"13":16,"14":16,"15":16,"16":16,"17":16,"18":16,"19":16,"22":16,"23":6,"24":6,"25":6,"27":6,"28":6,"30":6,"33":16,"34":9,"35":9,"36":9,"37":9,"38":9,"39":9,"40":9,"42":9,"43":9,"44":9,"46":9,"47":9,"49":9,"50":9,"52":9,"54":1,"55":1,"57":1},"branchMap":{"0":{"type":"branch","line":9,"loc":{"start":{"line":9,"column":24},"end":{"line":56,"column":2}},"locations":[{"start":{"line":9,"column":24},"end":{"line":56,"column":2}}]},"1":{"type":"branch","line":23,"loc":{"start":{"line":23,"column":22},"end":{"line":31,"column":3}},"locations":[{"start":{"line":23,"column":22},"end":{"line":31,"column":3}}]},"2":{"type":"branch","line":26,"loc":{"start":{"line":26,"column":28},"end":{"line":26,"column":66}},"locations":[{"start":{"line":26,"column":28},"end":{"line":26,"column":66}}]},"3":{"type":"branch","line":26,"loc":{"start":{"line":26,"column":61},"end":{"line":26,"column":88}},"locations":[{"start":{"line":26,"column":61},"end":{"line":26,"column":88}}]},"4":{"type":"branch","line":28,"loc":{"start":{"line":28,"column":13},"end":{"line":28,"column":83}},"locations":[{"start":{"line":28,"column":13},"end":{"line":28,"column":83}}]},"5":{"type":"branch","line":28,"loc":{"start":{"line":28,"column":78},"end":{"line":28,"column":89}},"locations":[{"start":{"line":28,"column":78},"end":{"line":28,"column":89}}]},"6":{"type":"branch","line":31,"loc":{"start":{"line":31,"column":2},"end":{"line":34,"column":25}},"locations":[{"start":{"line":31,"column":2},"end":{"line":34,"column":25}}]},"7":{"type":"branch","line":34,"loc":{"start":{"line":34,"column":25},"end":{"line":53,"column":3}},"locations":[{"start":{"line":34,"column":25},"end":{"line":53,"column":3}}]},"8":{"type":"branch","line":39,"loc":{"start":{"line":39,"column":16},"end":{"line":39,"column":56}},"locations":[{"start":{"line":39,"column":16},"end":{"line":39,"column":56}}]},"9":{"type":"branch","line":39,"loc":{"start":{"line":39,"column":51},"end":{"line":39,"column":79}},"locations":[{"start":{"line":39,"column":51},"end":{"line":39,"column":79}}]},"10":{"type":"branch","line":43,"loc":{"start":{"line":43,"column":11},"end":{"line":43,"column":32}},"locations":[{"start":{"line":43,"column":11},"end":{"line":43,"column":32}}]},"11":{"type":"branch","line":43,"loc":{"start":{"line":43,"column":25},"end":{"line":43,"column":37}},"locations":[{"start":{"line":43,"column":25},"end":{"line":43,"column":37}}]},"12":{"type":"branch","line":53,"loc":{"start":{"line":53,"column":2},"end":{"line":56,"column":2}},"locations":[{"start":{"line":53,"column":2},"end":{"line":56,"column":2}}]}},"b":{"0":[16],"1":[6],"2":[5],"3":[1],"4":[5],"5":[1],"6":[10],"7":[9],"8":[1],"9":[8],"10":[1],"11":[8],"12":[1]},"fnMap":{"0":{"name":"RobotController","decl":{"start":{"line":9,"column":24},"end":{"line":56,"column":2}},"loc":{"start":{"line":9,"column":24},"end":{"line":56,"column":2}},"line":9}},"f":{"0":16}}
,"/home/hungryidiot/study/SoftwareEngineering/SE25Project-17/frontend/src/config/api.js": {"path":"/home/hungryidiot/study/SoftwareEngineering/SE25Project-17/frontend/src/config/api.js","all":false,"statementMap":{"0":{"start":{"line":1,"column":0},"end":{"line":1,"column":10}},"1":{"start":{"line":2,"column":0},"end":{"line":2,"column":15}},"3":{"start":{"line":4,"column":0},"end":{"line":4,"column":20}},"4":{"start":{"line":5,"column":0},"end":{"line":5,"column":14}},"5":{"start":{"line":6,"column":0},"end":{"line":6,"column":16}},"6":{"start":{"line":7,"column":0},"end":{"line":7,"column":49}},"7":{"start":{"line":8,"column":0},"end":{"line":8,"column":36}},"8":{"start":{"line":9,"column":0},"end":{"line":9,"column":48}},"9":{"start":{"line":10,"column":0},"end":{"line":10,"column":4}},"10":{"start":{"line":11,"column":0},"end":{"line":11,"column":2}},"11":{"start":{"line":12,"column":0},"end":{"line":12,"column":14}},"12":{"start":{"line":13,"column":0},"end":{"line":13,"column":15}},"13":{"start":{"line":14,"column":0},"end":{"line":14,"column":59}},"14":{"start":{"line":15,"column":0},"end":{"line":15,"column":19}},"15":{"start":{"line":16,"column":0},"end":{"line":16,"column":46}},"16":{"start":{"line":17,"column":0},"end":{"line":17,"column":4}},"17":{"start":{"line":18,"column":0},"end":{"line":18,"column":2}},"18":{"start":{"line":19,"column":0},"end":{"line":19,"column":14}},"19":{"start":{"line":20,"column":0},"end":{"line":20,"column":9}},"20":{"start":{"line":21,"column":0},"end":{"line":21,"column":58}},"21":{"start":{"line":22,"column":0},"end":{"line":22,"column":19}},"22":{"start":{"line":23,"column":0},"end":{"line":23,"column":27}},"23":{"start":{"line":24,"column":0},"end":{"line":24,"column":4}},"24":{"start":{"line":25,"column":0},"end":{"line":25,"column":2}},"25":{"start":{"line":26,"column":0},"end":{"line":26,"column":18}},"26":{"start":{"line":27,"column":0},"end":{"line":27,"column":13}},"27":{"start":{"line":28,"column":0},"end":{"line":28,"column":58}},"28":{"start":{"line":29,"column":0},"end":{"line":29,"column":19}},"29":{"start":{"line":30,"column":0},"end":{"line":30,"column":27}},"30":{"start":{"line":31,"column":0},"end":{"line":31,"column":4}},"31":{"start":{"line":32,"column":0},"end":{"line":32,"column":2}},"33":{"start":{"line":34,"column":0},"end":{"line":34,"column":10}},"34":{"start":{"line":35,"column":0},"end":{"line":35,"column":30}},"35":{"start":{"line":36,"column":0},"end":{"line":36,"column":9}},"36":{"start":{"line":37,"column":0},"end":{"line":37,"column":9}},"37":{"start":{"line":38,"column":0},"end":{"line":38,"column":45}},"38":{"start":{"line":39,"column":0},"end":{"line":39,"column":41}},"39":{"start":{"line":40,"column":0},"end":{"line":40,"column":33}},"40":{"start":{"line":41,"column":0},"end":{"line":41,"column":4}},"41":{"start":{"line":42,"column":0},"end":{"line":42,"column":2}},"42":{"start":{"line":43,"column":0},"end":{"line":43,"column":9}},"43":{"start":{"line":44,"column":0},"end":{"line":44,"column":9}},"44":{"start":{"line":45,"column":0},"end":{"line":45,"column":35}},"45":{"start":{"line":46,"column":0},"end":{"line":46,"column":53}},"46":{"start":{"line":47,"column":0},"end":{"line":47,"column":4}},"47":{"start":{"line":48,"column":0},"end":{"line":48,"column":2}},"48":{"start":{"line":49,"column":0},"end":{"line":49,"column":10}},"49":{"start":{"line":50,"column":0},"end":{"line":50,"column":13}},"50":{"start":{"line":51,"column":0},"end":{"line":51,"column":54}},"51":{"start":{"line":52,"column":0},"end":{"line":52,"column":43}},"52":{"start":{"line":53,"column":0},"end":{"line":53,"column":28}},"53":{"start":{"line":54,"column":0},"end":{"line":54,"column":46}},"54":{"start":{"line":55,"column":0},"end":{"line":55,"column":42}},"55":{"start":{"line":56,"column":0},"end":{"line":56,"column":42}},"56":{"start":{"line":57,"column":0},"end":{"line":57,"column":18}},"57":{"start":{"line":58,"column":0},"end":{"line":58,"column":142}},"58":{"start":{"line":59,"column":0},"end":{"line":59,"column":122}},"59":{"start":{"line":60,"column":0},"end":{"line":60,"column":4}},"60":{"start":{"line":61,"column":0},"end":{"line":61,"column":2}},"61":{"start":{"line":62,"column":0},"end":{"line":62,"column":9}},"62":{"start":{"line":63,"column":0},"end":{"line":63,"column":11}},"63":{"start":{"line":64,"column":0},"end":{"line":64,"column":53}},"64":{"start":{"line":65,"column":0},"end":{"line":65,"column":4}},"65":{"start":{"line":66,"column":0},"end":{"line":66,"column":2}},"66":{"start":{"line":67,"column":0},"end":{"line":67,"column":11}},"67":{"start":{"line":68,"column":0},"end":{"line":68,"column":15}},"68":{"start":{"line":69,"column":0},"end":{"line":69,"column":42}},"69":{"start":{"line":70,"column":0},"end":{"line":70,"column":55}},"70":{"start":{"line":71,"column":0},"end":{"line":71,"column":71}},"71":{"start":{"line":72,"column":0},"end":{"line":72,"column":66}},"72":{"start":{"line":73,"column":0},"end":{"line":73,"column":85}},"73":{"start":{"line":74,"column":0},"end":{"line":74,"column":4}},"74":{"start":{"line":75,"column":0},"end":{"line":75,"column":2}},"75":{"start":{"line":76,"column":0},"end":{"line":76,"column":11}},"76":{"start":{"line":77,"column":0},"end":{"line":77,"column":14}},"77":{"start":{"line":78,"column":0},"end":{"line":78,"column":41}},"78":{"start":{"line":79,"column":0},"end":{"line":79,"column":54}},"79":{"start":{"line":80,"column":0},"end":{"line":80,"column":65}},"80":{"start":{"line":81,"column":0},"end":{"line":81,"column":96}},"81":{"start":{"line":82,"column":0},"end":{"line":82,"column":101}},"82":{"start":{"line":83,"column":0},"end":{"line":83,"column":70}},"83":{"start":{"line":84,"column":0},"end":{"line":84,"column":4}},"84":{"start":{"line":85,"column":0},"end":{"line":85,"column":2}},"85":{"start":{"line":86,"column":0},"end":{"line":86,"column":19}},"86":{"start":{"line":87,"column":0},"end":{"line":87,"column":12}},"87":{"start":{"line":88,"column":0},"end":{"line":88,"column":25}},"88":{"start":{"line":89,"column":0},"end":{"line":89,"column":27}},"89":{"start":{"line":90,"column":0},"end":{"line":90,"column":41}},"90":{"start":{"line":91,"column":0},"end":{"line":91,"column":41}},"91":{"start":{"line":92,"column":0},"end":{"line":92,"column":7}},"92":{"start":{"line":93,"column":0},"end":{"line":93,"column":2}},"96":{"start":{"line":97,"column":0},"end":{"line":97,"column":15}},"97":{"start":{"line":98,"column":0},"end":{"line":98,"column":35}},"98":{"start":{"line":99,"column":0},"end":{"line":99,"column":52}},"99":{"start":{"line":100,"column":0},"end":{"line":100,"column":2}},"100":{"start":{"line":101,"column":0},"end":{"line":101,"column":17}},"101":{"start":{"line":102,"column":0},"end":{"line":102,"column":55}},"102":{"start":{"line":103,"column":0},"end":{"line":103,"column":54}},"103":{"start":{"line":104,"column":0},"end":{"line":104,"column":71}},"104":{"start":{"line":105,"column":0},"end":{"line":105,"column":2}},"105":{"start":{"line":106,"column":0},"end":{"line":106,"column":59}},"107":{"start":{"line":108,"column":0},"end":{"line":108,"column":19}},"108":{"start":{"line":109,"column":0},"end":{"line":109,"column":31}},"109":{"start":{"line":110,"column":0},"end":{"line":110,"column":56}},"110":{"start":{"line":111,"column":0},"end":{"line":111,"column":47}},"111":{"start":{"line":112,"column":0},"end":{"line":112,"column":68}},"112":{"start":{"line":113,"column":0},"end":{"line":113,"column":3}},"114":{"start":{"line":115,"column":0},"end":{"line":115,"column":10}},"115":{"start":{"line":116,"column":0},"end":{"line":116,"column":14}},"116":{"start":{"line":117,"column":0},"end":{"line":117,"column":42}},"117":{"start":{"line":118,"column":0},"end":{"line":118,"column":12}},"118":{"start":{"line":119,"column":0},"end":{"line":119,"column":97}},"119":{"start":{"line":120,"column":0},"end":{"line":120,"column":4}},"120":{"start":{"line":121,"column":0},"end":{"line":121,"column":2}},"122":{"start":{"line":123,"column":0},"end":{"line":123,"column":9}},"123":{"start":{"line":124,"column":0},"end":{"line":124,"column":47}},"124":{"start":{"line":125,"column":0},"end":{"line":125,"column":29}},"125":{"start":{"line":126,"column":0},"end":{"line":126,"column":59}},"126":{"start":{"line":127,"column":0},"end":{"line":127,"column":28}},"127":{"start":{"line":128,"column":0},"end":{"line":128,"column":16}},"128":{"start":{"line":129,"column":0},"end":{"line":129,"column":3}},"129":{"start":{"line":130,"column":0},"end":{"line":130,"column":2}},"130":{"start":{"line":131,"column":0},"end":{"line":131,"column":7}},"131":{"start":{"line":132,"column":0},"end":{"line":132,"column":34}},"132":{"start":{"line":133,"column":0},"end":{"line":133,"column":56}},"133":{"start":{"line":134,"column":0},"end":{"line":134,"column":20}},"134":{"start":{"line":135,"column":0},"end":{"line":135,"column":19}},"135":{"start":{"line":136,"column":0},"end":{"line":136,"column":20}},"136":{"start":{"line":137,"column":0},"end":{"line":137,"column":7}},"137":{"start":{"line":138,"column":0},"end":{"line":138,"column":23}},"138":{"start":{"line":139,"column":0},"end":{"line":139,"column":19}},"139":{"start":{"line":140,"column":0},"end":{"line":140,"column":37}},"140":{"start":{"line":141,"column":0},"end":{"line":141,"column":17}},"141":{"start":{"line":142,"column":0},"end":{"line":142,"column":3}},"142":{"start":{"line":143,"column":0},"end":{"line":143,"column":2}},"144":{"start":{"line":145,"column":0},"end":{"line":145,"column":26}}},"s":{"0":1,"1":1,"3":1,"4":1,"5":1,"6":1,"7":1,"8":1,"9":1,"10":1,"11":1,"12":1,"13":1,"14":1,"15":1,"16":1,"17":1,"18":1,"19":1,"20":1,"21":1,"22":1,"23":1,"24":1,"25":1,"26":1,"27":1,"28":1,"29":1,"30":1,"31":1,"33":1,"34":1,"35":1,"36":1,"37":1,"38":1,"39":1,"40":1,"41":1,"42":1,"43":1,"44":1,"45":1,"46":1,"47":1,"48":1,"49":1,"50":1,"51":1,"52":1,"53":1,"54":1,"55":1,"56":1,"57":1,"58":1,"59":1,"60":1,"61":1,"62":1,"63":1,"64":1,"65":1,"66":1,"67":1,"68":1,"69":1,"70":1,"71":1,"72":1,"73":1,"74":1,"75":1,"76":1,"77":1,"78":1,"79":1,"80":1,"81":1,"82":1,"83":1,"84":1,"85":1,"86":1,"87":1,"88":1,"89":1,"90":1,"91":1,"92":1,"96":1,"97":1,"98":11,"99":11,"100":11,"101":11,"102":11,"103":11,"104":11,"105":11,"107":11,"108":11,"109":11,"110":11,"111":11,"112":11,"114":11,"115":11,"116":11,"117":11,"118":11,"119":11,"120":11,"122":1,"123":1,"124":4,"125":4,"126":1,"127":1,"128":1,"129":3,"130":3,"131":3,"132":3,"133":3,"134":3,"135":3,"136":3,"137":2,"138":4,"139":1,"140":1,"141":1,"142":4,"144":1},"branchMap":{"0":{"type":"branch","line":98,"loc":{"start":{"line":98,"column":28},"end":{"line":121,"column":2}},"locations":[{"start":{"line":98,"column":28},"end":{"line":121,"column":2}}]},"1":{"type":"branch","line":99,"loc":{"start":{"line":99,"column":35},"end":{"line":99,"column":51}},"locations":[{"start":{"line":99,"column":35},"end":{"line":99,"column":51}}]},"2":{"type":"branch","line":106,"loc":{"start":{"line":106,"column":33},"end":{"line":106,"column":58}},"locations":[{"start":{"line":106,"column":33},"end":{"line":106,"column":58}}]},"3":{"type":"branch","line":112,"loc":{"start":{"line":112,"column":35},"end":{"line":112,"column":51}},"locations":[{"start":{"line":112,"column":35},"end":{"line":112,"column":51}}]},"4":{"type":"branch","line":112,"loc":{"start":{"line":112,"column":52},"end":{"line":112,"column":67}},"locations":[{"start":{"line":112,"column":52},"end":{"line":112,"column":67}}]},"5":{"type":"branch","line":117,"loc":{"start":{"line":117,"column":24},"end":{"line":117,"column":41}},"locations":[{"start":{"line":117,"column":24},"end":{"line":117,"column":41}}]},"6":{"type":"branch","line":119,"loc":{"start":{"line":119,"column":40},"end":{"line":119,"column":71}},"locations":[{"start":{"line":119,"column":40},"end":{"line":119,"column":71}}]},"7":{"type":"branch","line":119,"loc":{"start":{"line":119,"column":72},"end":{"line":119,"column":96}},"locations":[{"start":{"line":119,"column":72},"end":{"line":119,"column":96}}]},"8":{"type":"branch","line":124,"loc":{"start":{"line":124,"column":34},"end":{"line":143,"column":2}},"locations":[{"start":{"line":124,"column":34},"end":{"line":143,"column":2}}]},"9":{"type":"branch","line":126,"loc":{"start":{"line":126,"column":58},"end":{"line":129,"column":3}},"locations":[{"start":{"line":126,"column":58},"end":{"line":129,"column":3}}]},"10":{"type":"branch","line":129,"loc":{"start":{"line":129,"column":2},"end":{"line":137,"column":7}},"locations":[{"start":{"line":129,"column":2},"end":{"line":137,"column":7}}]},"11":{"type":"branch","line":137,"loc":{"start":{"line":137,"column":6},"end":{"line":139,"column":4}},"locations":[{"start":{"line":137,"column":6},"end":{"line":139,"column":4}}]},"12":{"type":"branch","line":139,"loc":{"start":{"line":139,"column":4},"end":{"line":142,"column":3}},"locations":[{"start":{"line":139,"column":4},"end":{"line":142,"column":3}}]}},"b":{"0":[11],"1":[0],"2":[1],"3":[9],"4":[2],"5":[10],"6":[2],"7":[9],"8":[4],"9":[1],"10":[3],"11":[2],"12":[1]},"fnMap":{"0":{"name":"getById","decl":{"start":{"line":45,"column":13},"end":{"line":45,"column":34}},"loc":{"start":{"line":45,"column":13},"end":{"line":45,"column":34}},"line":45},"1":{"name":"getById","decl":{"start":{"line":52,"column":13},"end":{"line":52,"column":42}},"loc":{"start":{"line":52,"column":13},"end":{"line":52,"column":42}},"line":52},"2":{"name":"update","decl":{"start":{"line":55,"column":12},"end":{"line":55,"column":41}},"loc":{"start":{"line":55,"column":12},"end":{"line":55,"column":41}},"line":55},"3":{"name":"delete","decl":{"start":{"line":56,"column":12},"end":{"line":56,"column":41}},"loc":{"start":{"line":56,"column":12},"end":{"line":56,"column":41}},"line":56},"4":{"name":"getVideo","decl":{"start":{"line":58,"column":14},"end":{"line":58,"column":141}},"loc":{"start":{"line":58,"column":14},"end":{"line":58,"column":141}},"line":58},"5":{"name":"getParquet","decl":{"start":{"line":59,"column":16},"end":{"line":59,"column":121}},"loc":{"start":{"line":59,"column":16},"end":{"line":59,"column":121}},"line":59},"6":{"name":"getById","decl":{"start":{"line":72,"column":13},"end":{"line":72,"column":53}},"loc":{"start":{"line":72,"column":13},"end":{"line":72,"column":53}},"line":72},"7":{"name":"downloadModel","decl":{"start":{"line":73,"column":19},"end":{"line":73,"column":74}},"loc":{"start":{"line":73,"column":19},"end":{"line":73,"column":74}},"line":73},"8":{"name":"getById","decl":{"start":{"line":80,"column":13},"end":{"line":80,"column":52}},"loc":{"start":{"line":80,"column":13},"end":{"line":80,"column":52}},"line":80},"9":{"name":"getVideo","decl":{"start":{"line":81,"column":14},"end":{"line":81,"column":85}},"loc":{"start":{"line":81,"column":14},"end":{"line":81,"column":85}},"line":81},"10":{"name":"downloadVideo","decl":{"start":{"line":82,"column":19},"end":{"line":82,"column":90}},"loc":{"start":{"line":82,"column":19},"end":{"line":82,"column":90}},"line":82},"11":{"name":"delete","decl":{"start":{"line":83,"column":12},"end":{"line":83,"column":59}},"loc":{"start":{"line":83,"column":12},"end":{"line":83,"column":59}},"line":83},"12":{"name":"getApiConfig","decl":{"start":{"line":98,"column":28},"end":{"line":121,"column":2}},"loc":{"start":{"line":98,"column":28},"end":{"line":121,"column":2}},"line":98},"13":{"name":"checkNetworkStatus","decl":{"start":{"line":124,"column":34},"end":{"line":143,"column":2}},"loc":{"start":{"line":124,"column":34},"end":{"line":143,"column":2}},"line":124}},"f":{"0":0,"1":0,"2":0,"3":0,"4":0,"5":0,"6":0,"7":0,"8":0,"9":0,"10":0,"11":0,"12":11,"13":4}}
,"/home/hungryidiot/study/SoftwareEngineering/SE25Project-17/frontend/src/hooks/useAuth.js": {"path":"/home/hungryidiot/study/SoftwareEngineering/SE25Project-17/frontend/src/hooks/useAuth.js","all":false,"statementMap":{"0":{"start":{"line":1,"column":0},"end":{"line":1,"column":77}},"1":{"start":{"line":2,"column":0},"end":{"line":2,"column":86}},"3":{"start":{"line":4,"column":0},"end":{"line":4,"column":27}},"4":{"start":{"line":5,"column":0},"end":{"line":5,"column":63}},"5":{"start":{"line":6,"column":0},"end":{"line":6,"column":2}},"6":{"start":{"line":7,"column":0},"end":{"line":7,"column":19}},"7":{"start":{"line":8,"column":0},"end":{"line":8,"column":36}},"8":{"start":{"line":9,"column":0},"end":{"line":9,"column":41}},"9":{"start":{"line":10,"column":0},"end":{"line":10,"column":47}},"10":{"start":{"line":11,"column":0},"end":{"line":11,"column":4}},"11":{"start":{"line":12,"column":0},"end":{"line":12,"column":42}},"12":{"start":{"line":13,"column":0},"end":{"line":13,"column":19}},"13":{"start":{"line":14,"column":0},"end":{"line":14,"column":5}},"14":{"start":{"line":15,"column":0},"end":{"line":15,"column":4}},"15":{"start":{"line":16,"column":0},"end":{"line":16,"column":50}},"16":{"start":{"line":17,"column":0},"end":{"line":17,"column":30}},"17":{"start":{"line":18,"column":0},"end":{"line":18,"column":18}},"18":{"start":{"line":19,"column":0},"end":{"line":19,"column":39}},"19":{"start":{"line":20,"column":0},"end":{"line":20,"column":42}},"20":{"start":{"line":21,"column":0},"end":{"line":21,"column":43}},"21":{"start":{"line":22,"column":0},"end":{"line":22,"column":19}},"22":{"start":{"line":23,"column":0},"end":{"line":23,"column":5}},"23":{"start":{"line":24,"column":0},"end":{"line":24,"column":4}},"24":{"start":{"line":25,"column":0},"end":{"line":25,"column":16}},"25":{"start":{"line":26,"column":0},"end":{"line":26,"column":4}},"26":{"start":{"line":27,"column":0},"end":{"line":27,"column":2}},"27":{"start":{"line":28,"column":0},"end":{"line":28,"column":44}},"28":{"start":{"line":29,"column":0},"end":{"line":29,"column":74}},"29":{"start":{"line":30,"column":0},"end":{"line":30,"column":2}},"30":{"start":{"line":31,"column":0},"end":{"line":31,"column":25}},"31":{"start":{"line":32,"column":0},"end":{"line":32,"column":1}}},"s":{"0":1,"1":1,"3":1,"4":17,"5":17,"6":17,"7":17,"8":14,"9":14,"10":14,"11":14,"12":4,"13":4,"14":10,"15":10,"16":14,"17":6,"18":6,"19":6,"20":6,"21":6,"22":6,"23":4,"24":4,"25":17,"26":17,"27":17,"28":17,"29":17,"30":17,"31":17},"branchMap":{"0":{"type":"branch","line":4,"loc":{"start":{"line":4,"column":7},"end":{"line":32,"column":1}},"locations":[{"start":{"line":4,"column":7},"end":{"line":32,"column":1}}]},"1":{"type":"branch","line":29,"loc":{"start":{"line":29,"column":32},"end":{"line":29,"column":43}},"locations":[{"start":{"line":29,"column":32},"end":{"line":29,"column":43}}]},"2":{"type":"branch","line":29,"loc":{"start":{"line":29,"column":44},"end":{"line":29,"column":50}},"locations":[{"start":{"line":29,"column":44},"end":{"line":29,"column":50}}]},"3":{"type":"branch","line":29,"loc":{"start":{"line":29,"column":51},"end":{"line":29,"column":73}},"locations":[{"start":{"line":29,"column":51},"end":{"line":29,"column":73}}]},"4":{"type":"branch","line":5,"loc":{"start":{"line":5,"column":42},"end":{"line":5,"column":61}},"locations":[{"start":{"line":5,"column":42},"end":{"line":5,"column":61}}]},"5":{"type":"branch","line":8,"loc":{"start":{"line":8,"column":29},"end":{"line":26,"column":3}},"locations":[{"start":{"line":8,"column":29},"end":{"line":26,"column":3}}]},"6":{"type":"branch","line":12,"loc":{"start":{"line":12,"column":21},"end":{"line":12,"column":39}},"locations":[{"start":{"line":12,"column":21},"end":{"line":12,"column":39}}]},"7":{"type":"branch","line":12,"loc":{"start":{"line":12,"column":41},"end":{"line":14,"column":5}},"locations":[{"start":{"line":12,"column":41},"end":{"line":14,"column":5}}]},"8":{"type":"branch","line":14,"loc":{"start":{"line":14,"column":4},"end":{"line":17,"column":29}},"locations":[{"start":{"line":14,"column":4},"end":{"line":17,"column":29}}]},"9":{"type":"branch","line":17,"loc":{"start":{"line":17,"column":29},"end":{"line":23,"column":5}},"locations":[{"start":{"line":17,"column":29},"end":{"line":23,"column":5}}]},"10":{"type":"branch","line":23,"loc":{"start":{"line":23,"column":4},"end":{"line":26,"column":2}},"locations":[{"start":{"line":23,"column":4},"end":{"line":26,"column":2}}]}},"b":{"0":[17],"1":[4],"2":[3],"3":[14],"4":[33],"5":[14],"6":[12],"7":[4],"8":[10],"9":[6],"10":[4]},"fnMap":{"0":{"name":"useAuth","decl":{"start":{"line":4,"column":7},"end":{"line":32,"column":1}},"loc":{"start":{"line":4,"column":7},"end":{"line":32,"column":1}},"line":4},"1":{"name":"checkTokenValidity","decl":{"start":{"line":8,"column":29},"end":{"line":26,"column":3}},"loc":{"start":{"line":8,"column":29},"end":{"line":26,"column":3}},"line":8}},"f":{"0":17,"1":14}}
,"/home/hungryidiot/study/SoftwareEngineering/SE25Project-17/frontend/src/layouts/BasicLayout.jsx": {"path":"/home/hungryidiot/study/SoftwareEngineering/SE25Project-17/frontend/src/layouts/BasicLayout.jsx","all":false,"statementMap":{"0":{"start":{"line":1,"column":0},"end":{"line":1,"column":51}},"1":{"start":{"line":2,"column":0},"end":{"line":2,"column":68}},"2":{"start":{"line":3,"column":0},"end":{"line":3,"column":82}},"3":{"start":{"line":4,"column":0},"end":{"line":4,"column":55}},"4":{"start":{"line":5,"column":0},"end":{"line":5,"column":54}},"5":{"start":{"line":6,"column":0},"end":{"line":6,"column":8}},"22":{"start":{"line":23,"column":0},"end":{"line":23,"column":46}},"24":{"start":{"line":25,"column":0},"end":{"line":25,"column":42}},"25":{"start":{"line":26,"column":0},"end":{"line":26,"column":29}},"27":{"start":{"line":28,"column":0},"end":{"line":28,"column":27}},"28":{"start":{"line":29,"column":0},"end":{"line":29,"column":33}},"29":{"start":{"line":30,"column":0},"end":{"line":30,"column":33}},"30":{"start":{"line":31,"column":0},"end":{"line":31,"column":33}},"31":{"start":{"line":32,"column":0},"end":{"line":32,"column":58}},"34":{"start":{"line":35,"column":0},"end":{"line":35,"column":52}},"37":{"start":{"line":38,"column":0},"end":{"line":38,"column":19}},"38":{"start":{"line":39,"column":0},"end":{"line":39,"column":32}},"39":{"start":{"line":40,"column":0},"end":{"line":40,"column":37}},"40":{"start":{"line":41,"column":0},"end":{"line":41,"column":27}},"41":{"start":{"line":42,"column":0},"end":{"line":42,"column":7}},"42":{"start":{"line":43,"column":0},"end":{"line":43,"column":6}},"45":{"start":{"line":46,"column":0},"end":{"line":46,"column":19}},"48":{"start":{"line":49,"column":0},"end":{"line":49,"column":52}},"51":{"start":{"line":52,"column":0},"end":{"line":52,"column":68}},"52":{"start":{"line":53,"column":0},"end":{"line":53,"column":9}},"55":{"start":{"line":56,"column":0},"end":{"line":56,"column":21}},"56":{"start":{"line":57,"column":0},"end":{"line":57,"column":58}},"57":{"start":{"line":58,"column":0},"end":{"line":58,"column":71}},"58":{"start":{"line":59,"column":0},"end":{"line":59,"column":66}},"59":{"start":{"line":60,"column":0},"end":{"line":60,"column":76}},"60":{"start":{"line":61,"column":0},"end":{"line":61,"column":70}},"66":{"start":{"line":67,"column":0},"end":{"line":67,"column":24}},"67":{"start":{"line":68,"column":0},"end":{"line":68,"column":63}},"69":{"start":{"line":70,"column":0},"end":{"line":70,"column":4}},"71":{"start":{"line":72,"column":0},"end":{"line":72,"column":53}},"74":{"start":{"line":75,"column":0},"end":{"line":75,"column":33}},"75":{"start":{"line":76,"column":0},"end":{"line":76,"column":35}},"76":{"start":{"line":77,"column":0},"end":{"line":77,"column":4}},"79":{"start":{"line":80,"column":0},"end":{"line":80,"column":36}},"80":{"start":{"line":81,"column":0},"end":{"line":81,"column":9}},"81":{"start":{"line":82,"column":0},"end":{"line":82,"column":59}},"84":{"start":{"line":85,"column":0},"end":{"line":85,"column":31}},"86":{"start":{"line":87,"column":0},"end":{"line":87,"column":30}},"87":{"start":{"line":88,"column":0},"end":{"line":88,"column":21}},"89":{"start":{"line":90,"column":0},"end":{"line":90,"column":40}},"90":{"start":{"line":91,"column":0},"end":{"line":91,"column":43}},"91":{"start":{"line":92,"column":0},"end":{"line":92,"column":32}},"92":{"start":{"line":93,"column":0},"end":{"line":93,"column":14}},"93":{"start":{"line":94,"column":0},"end":{"line":94,"column":34}},"94":{"start":{"line":95,"column":0},"end":{"line":95,"column":7}},"95":{"start":{"line":96,"column":0},"end":{"line":96,"column":5}},"96":{"start":{"line":97,"column":0},"end":{"line":97,"column":4}},"98":{"start":{"line":99,"column":0},"end":{"line":99,"column":10}},"99":{"start":{"line":100,"column":0},"end":{"line":100,"column":41}},"101":{"start":{"line":102,"column":0},"end":{"line":102,"column":39}},"103":{"start":{"line":104,"column":0},"end":{"line":104,"column":12}},"104":{"start":{"line":105,"column":0},"end":{"line":105,"column":21}},"105":{"start":{"line":106,"column":0},"end":{"line":106,"column":19}},"106":{"start":{"line":107,"column":0},"end":{"line":107,"column":27}},"107":{"start":{"line":108,"column":0},"end":{"line":108,"column":32}},"108":{"start":{"line":109,"column":0},"end":{"line":109,"column":19}},"109":{"start":{"line":110,"column":0},"end":{"line":110,"column":29}},"110":{"start":{"line":111,"column":0},"end":{"line":111,"column":22}},"111":{"start":{"line":112,"column":0},"end":{"line":112,"column":84}},"113":{"start":{"line":114,"column":0},"end":{"line":114,"column":40}},"114":{"start":{"line":115,"column":0},"end":{"line":115,"column":14}},"115":{"start":{"line":116,"column":0},"end":{"line":116,"column":44}},"116":{"start":{"line":117,"column":0},"end":{"line":117,"column":45}},"117":{"start":{"line":118,"column":0},"end":{"line":118,"column":80}},"119":{"start":{"line":120,"column":0},"end":{"line":120,"column":75}},"120":{"start":{"line":121,"column":0},"end":{"line":121,"column":28}},"121":{"start":{"line":122,"column":0},"end":{"line":122,"column":153}},"123":{"start":{"line":124,"column":0},"end":{"line":124,"column":22}},"125":{"start":{"line":126,"column":0},"end":{"line":126,"column":16}},"126":{"start":{"line":127,"column":0},"end":{"line":127,"column":14}},"127":{"start":{"line":128,"column":0},"end":{"line":128,"column":13}},"128":{"start":{"line":129,"column":0},"end":{"line":129,"column":23}},"129":{"start":{"line":130,"column":0},"end":{"line":130,"column":44}},"130":{"start":{"line":131,"column":0},"end":{"line":131,"column":27}},"131":{"start":{"line":132,"column":0},"end":{"line":132,"column":35}},"132":{"start":{"line":133,"column":0},"end":{"line":133,"column":38}},"133":{"start":{"line":134,"column":0},"end":{"line":134,"column":37}},"134":{"start":{"line":135,"column":0},"end":{"line":135,"column":10}},"135":{"start":{"line":136,"column":0},"end":{"line":136,"column":93}},"136":{"start":{"line":137,"column":0},"end":{"line":137,"column":60}},"137":{"start":{"line":138,"column":0},"end":{"line":138,"column":101}},"138":{"start":{"line":139,"column":0},"end":{"line":139,"column":14}},"139":{"start":{"line":140,"column":0},"end":{"line":140,"column":14}},"141":{"start":{"line":142,"column":0},"end":{"line":142,"column":79}},"142":{"start":{"line":143,"column":0},"end":{"line":143,"column":15}},"143":{"start":{"line":144,"column":0},"end":{"line":144,"column":35}},"144":{"start":{"line":145,"column":0},"end":{"line":145,"column":18}},"145":{"start":{"line":146,"column":0},"end":{"line":146,"column":30}},"146":{"start":{"line":147,"column":0},"end":{"line":147,"column":21}},"147":{"start":{"line":148,"column":0},"end":{"line":148,"column":19}},"148":{"start":{"line":149,"column":0},"end":{"line":149,"column":23}},"149":{"start":{"line":150,"column":0},"end":{"line":150,"column":60}},"150":{"start":{"line":151,"column":0},"end":{"line":151,"column":12}},"152":{"start":{"line":153,"column":0},"end":{"line":153,"column":45}},"153":{"start":{"line":154,"column":0},"end":{"line":154,"column":92}},"155":{"start":{"line":156,"column":0},"end":{"line":156,"column":21}},"159":{"start":{"line":160,"column":0},"end":{"line":160,"column":34}},"160":{"start":{"line":161,"column":0},"end":{"line":161,"column":115}},"161":{"start":{"line":162,"column":0},"end":{"line":162,"column":22}},"162":{"start":{"line":163,"column":0},"end":{"line":163,"column":32}},"163":{"start":{"line":164,"column":0},"end":{"line":164,"column":22}},"164":{"start":{"line":165,"column":0},"end":{"line":165,"column":31}},"165":{"start":{"line":166,"column":0},"end":{"line":166,"column":42}},"166":{"start":{"line":167,"column":0},"end":{"line":167,"column":38}},"167":{"start":{"line":168,"column":0},"end":{"line":168,"column":45}},"168":{"start":{"line":169,"column":0},"end":{"line":169,"column":16}},"169":{"start":{"line":170,"column":0},"end":{"line":170,"column":22}},"170":{"start":{"line":171,"column":0},"end":{"line":171,"column":16}},"171":{"start":{"line":172,"column":0},"end":{"line":172,"column":17}},"172":{"start":{"line":173,"column":0},"end":{"line":173,"column":16}},"173":{"start":{"line":174,"column":0},"end":{"line":174,"column":40}},"174":{"start":{"line":175,"column":0},"end":{"line":175,"column":36}},"176":{"start":{"line":177,"column":0},"end":{"line":177,"column":20}},"177":{"start":{"line":178,"column":0},"end":{"line":178,"column":18}},"178":{"start":{"line":179,"column":0},"end":{"line":179,"column":15}},"179":{"start":{"line":180,"column":0},"end":{"line":180,"column":13}},"181":{"start":{"line":182,"column":0},"end":{"line":182,"column":2}},"183":{"start":{"line":184,"column":0},"end":{"line":184,"column":27}}},"s":{"0":1,"1":1,"2":1,"3":1,"4":1,"5":1,"22":1,"24":1,"25":1,"27":1,"28":19,"29":19,"30":19,"31":19,"34":19,"37":19,"38":16,"39":16,"40":1,"41":1,"42":16,"45":16,"48":16,"51":16,"52":19,"55":19,"56":19,"57":19,"58":19,"59":19,"60":19,"66":19,"67":19,"69":19,"71":19,"74":19,"75":1,"76":1,"79":19,"80":4,"81":4,"84":1,"86":1,"87":4,"89":3,"90":1,"91":1,"92":3,"93":2,"94":2,"95":3,"96":4,"98":19,"99":19,"101":19,"103":19,"104":19,"105":19,"106":19,"107":19,"108":19,"109":19,"110":19,"111":19,"113":19,"114":19,"115":19,"116":19,"117":19,"119":19,"120":19,"121":16,"123":16,"125":19,"126":19,"127":19,"128":19,"129":19,"130":19,"131":19,"132":19,"133":19,"134":19,"135":19,"136":19,"137":19,"138":19,"139":19,"141":19,"142":19,"143":19,"144":19,"145":19,"146":19,"147":19,"148":19,"149":19,"150":19,"152":19,"153":19,"155":19,"159":19,"160":19,"161":19,"162":19,"163":19,"164":19,"165":19,"166":19,"167":19,"168":19,"169":19,"170":19,"171":19,"172":19,"173":19,"174":19,"176":19,"177":19,"178":19,"179":19,"181":19,"183":1},"branchMap":{"0":{"type":"branch","line":28,"loc":{"start":{"line":28,"column":20},"end":{"line":182,"column":2}},"locations":[{"start":{"line":28,"column":20},"end":{"line":182,"column":2}}]},"1":{"type":"branch","line":121,"loc":{"start":{"line":121,"column":14},"end":{"line":124,"column":22}},"locations":[{"start":{"line":121,"column":14},"end":{"line":124,"column":22}}]},"2":{"type":"branch","line":137,"loc":{"start":{"line":137,"column":11},"end":{"line":137,"column":43}},"locations":[{"start":{"line":137,"column":11},"end":{"line":137,"column":43}}]},"3":{"type":"branch","line":137,"loc":{"start":{"line":137,"column":38},"end":{"line":137,"column":60}},"locations":[{"start":{"line":137,"column":38},"end":{"line":137,"column":60}}]},"4":{"type":"branch","line":138,"loc":{"start":{"line":138,"column":12},"end":{"line":138,"column":52}},"locations":[{"start":{"line":138,"column":12},"end":{"line":138,"column":52}}]},"5":{"type":"branch","line":138,"loc":{"start":{"line":138,"column":45},"end":{"line":138,"column":101}},"locations":[{"start":{"line":138,"column":45},"end":{"line":138,"column":101}}]},"6":{"type":"branch","line":142,"loc":{"start":{"line":142,"column":35},"end":{"line":142,"column":52}},"locations":[{"start":{"line":142,"column":35},"end":{"line":142,"column":52}}]},"7":{"type":"branch","line":142,"loc":{"start":{"line":142,"column":47},"end":{"line":142,"column":57}},"locations":[{"start":{"line":142,"column":47},"end":{"line":142,"column":57}}]},"8":{"type":"branch","line":150,"loc":{"start":{"line":150,"column":35},"end":{"line":150,"column":52}},"locations":[{"start":{"line":150,"column":35},"end":{"line":150,"column":52}}]},"9":{"type":"branch","line":150,"loc":{"start":{"line":150,"column":47},"end":{"line":150,"column":55}},"locations":[{"start":{"line":150,"column":47},"end":{"line":150,"column":55}}]},"10":{"type":"branch","line":38,"loc":{"start":{"line":38,"column":12},"end":{"line":53,"column":5}},"locations":[{"start":{"line":38,"column":12},"end":{"line":53,"column":5}}]},"11":{"type":"branch","line":39,"loc":{"start":{"line":39,"column":25},"end":{"line":43,"column":6}},"locations":[{"start":{"line":39,"column":25},"end":{"line":43,"column":6}}]},"12":{"type":"branch","line":40,"loc":{"start":{"line":40,"column":36},"end":{"line":42,"column":7}},"locations":[{"start":{"line":40,"column":36},"end":{"line":42,"column":7}}]},"13":{"type":"branch","line":52,"loc":{"start":{"line":52,"column":11},"end":{"line":52,"column":68}},"locations":[{"start":{"line":52,"column":11},"end":{"line":52,"column":68}}]},"14":{"type":"branch","line":72,"loc":{"start":{"line":72,"column":26},"end":{"line":72,"column":53}},"locations":[{"start":{"line":72,"column":26},"end":{"line":72,"column":53}}]},"15":{"type":"branch","line":75,"loc":{"start":{"line":75,"column":26},"end":{"line":77,"column":4}},"locations":[{"start":{"line":75,"column":26},"end":{"line":77,"column":4}}]},"16":{"type":"branch","line":80,"loc":{"start":{"line":80,"column":23},"end":{"line":97,"column":4}},"locations":[{"start":{"line":80,"column":23},"end":{"line":97,"column":4}}]},"17":{"type":"branch","line":82,"loc":{"start":{"line":82,"column":57},"end":{"line":88,"column":13}},"locations":[{"start":{"line":82,"column":57},"end":{"line":88,"column":13}}]},"18":{"type":"branch","line":88,"loc":{"start":{"line":88,"column":4},"end":{"line":96,"column":5}},"locations":[{"start":{"line":88,"column":4},"end":{"line":96,"column":5}}]},"19":{"type":"branch","line":90,"loc":{"start":{"line":90,"column":39},"end":{"line":93,"column":13}},"locations":[{"start":{"line":90,"column":39},"end":{"line":93,"column":13}}]},"20":{"type":"branch","line":93,"loc":{"start":{"line":93,"column":6},"end":{"line":95,"column":7}},"locations":[{"start":{"line":93,"column":6},"end":{"line":95,"column":7}}]},"21":{"type":"branch","line":117,"loc":{"start":{"line":117,"column":21},"end":{"line":117,"column":45}},"locations":[{"start":{"line":117,"column":21},"end":{"line":117,"column":45}}]},"22":{"type":"branch","line":136,"loc":{"start":{"line":136,"column":61},"end":{"line":136,"column":93}},"locations":[{"start":{"line":136,"column":61},"end":{"line":136,"column":93}}]},"23":{"type":"branch","line":161,"loc":{"start":{"line":161,"column":55},"end":{"line":161,"column":83}},"locations":[{"start":{"line":161,"column":55},"end":{"line":161,"column":83}}]}},"b":{"0":[19],"1":[16],"2":[2],"3":[16],"4":[16],"5":[15],"6":[2],"7":[16],"8":[2],"9":[16],"10":[16],"11":[16],"12":[1],"13":[16],"14":[5],"15":[1],"16":[4],"17":[1],"18":[3],"19":[1],"20":[2],"21":[1],"22":[1],"23":[1]},"fnMap":{"0":{"name":"BasicLayout","decl":{"start":{"line":28,"column":20},"end":{"line":182,"column":2}},"loc":{"start":{"line":28,"column":20},"end":{"line":182,"column":2}},"line":28},"1":{"name":"handleResize","decl":{"start":{"line":39,"column":25},"end":{"line":43,"column":6}},"loc":{"start":{"line":39,"column":25},"end":{"line":43,"column":6}},"line":39},"2":{"name":"handleMenuClick","decl":{"start":{"line":72,"column":26},"end":{"line":72,"column":53}},"loc":{"start":{"line":72,"column":26},"end":{"line":72,"column":53}},"line":72},"3":{"name":"handleHelpClick","decl":{"start":{"line":75,"column":26},"end":{"line":77,"column":4}},"loc":{"start":{"line":75,"column":26},"end":{"line":77,"column":4}},"line":75},"4":{"name":"handleLogout","decl":{"start":{"line":80,"column":23},"end":{"line":97,"column":4}},"loc":{"start":{"line":80,"column":23},"end":{"line":97,"column":4}},"line":80},"5":{"name":"onClick","decl":{"start":{"line":117,"column":21},"end":{"line":117,"column":45}},"loc":{"start":{"line":117,"column":21},"end":{"line":117,"column":45}},"line":117},"6":{"name":"onClick","decl":{"start":{"line":136,"column":61},"end":{"line":136,"column":93}},"loc":{"start":{"line":136,"column":61},"end":{"line":136,"column":93}},"line":136},"7":{"name":"onClick","decl":{"start":{"line":161,"column":55},"end":{"line":161,"column":83}},"loc":{"start":{"line":161,"column":55},"end":{"line":161,"column":83}},"line":161}},"f":{"0":19,"1":16,"2":5,"3":1,"4":4,"5":1,"6":1,"7":1}}
,"/home/hungryidiot/study/SoftwareEngineering/SE25Project-17/frontend/src/layouts/BlankLayout.jsx": {"path":"/home/hungryidiot/study/SoftwareEngineering/SE25Project-17/frontend/src/layouts/BlankLayout.jsx","all":false,"statementMap":{"0":{"start":{"line":1,"column":0},"end":{"line":1,"column":26}},"1":{"start":{"line":2,"column":0},"end":{"line":2,"column":42}},"3":{"start":{"line":4,"column":0},"end":{"line":4,"column":27}},"4":{"start":{"line":5,"column":0},"end":{"line":5,"column":20}},"5":{"start":{"line":6,"column":0},"end":{"line":6,"column":2}},"7":{"start":{"line":8,"column":0},"end":{"line":8,"column":27}}},"s":{"0":1,"1":1,"3":1,"4":9,"5":9,"7":1},"branchMap":{"0":{"type":"branch","line":4,"loc":{"start":{"line":4,"column":20},"end":{"line":6,"column":2}},"locations":[{"start":{"line":4,"column":20},"end":{"line":6,"column":2}}]}},"b":{"0":[9]},"fnMap":{"0":{"name":"BlankLayout","decl":{"start":{"line":4,"column":20},"end":{"line":6,"column":2}},"loc":{"start":{"line":4,"column":20},"end":{"line":6,"column":2}},"line":4}},"f":{"0":9}}
,"/home/hungryidiot/study/SoftwareEngineering/SE25Project-17/frontend/src/pages/DataCenter/index.jsx": {"path":"/home/hungryidiot/study/SoftwareEngineering/SE25Project-17/frontend/src/pages/DataCenter/index.jsx","all":false,"statementMap":{"2":{"start":{"line":3,"column":0},"end":{"line":3,"column":51}},"3":{"start":{"line":4,"column":0},"end":{"line":4,"column":47}},"5":{"start":{"line":6,"column":0},"end":{"line":6,"column":8}},"15":{"start":{"line":16,"column":0},"end":{"line":16,"column":8}},"25":{"start":{"line":26,"column":0},"end":{"line":26,"column":42}},"26":{"start":{"line":27,"column":0},"end":{"line":27,"column":45}},"28":{"start":{"line":29,"column":0},"end":{"line":29,"column":35}},"30":{"start":{"line":31,"column":0},"end":{"line":31,"column":30}},"32":{"start":{"line":33,"column":0},"end":{"line":33,"column":42}},"33":{"start":{"line":34,"column":0},"end":{"line":34,"column":33}},"34":{"start":{"line":35,"column":0},"end":{"line":35,"column":47}},"35":{"start":{"line":36,"column":0},"end":{"line":36,"column":48}},"36":{"start":{"line":37,"column":0},"end":{"line":37,"column":43}},"37":{"start":{"line":38,"column":0},"end":{"line":38,"column":53}},"39":{"start":{"line":40,"column":0},"end":{"line":40,"column":43}},"40":{"start":{"line":41,"column":0},"end":{"line":41,"column":9}},"41":{"start":{"line":42,"column":0},"end":{"line":42,"column":23}},"42":{"start":{"line":43,"column":0},"end":{"line":43,"column":21}},"43":{"start":{"line":44,"column":0},"end":{"line":44,"column":57}},"44":{"start":{"line":45,"column":0},"end":{"line":45,"column":33}},"45":{"start":{"line":46,"column":0},"end":{"line":46,"column":28}},"46":{"start":{"line":47,"column":0},"end":{"line":47,"column":19}},"47":{"start":{"line":48,"column":0},"end":{"line":48,"column":33}},"48":{"start":{"line":49,"column":0},"end":{"line":49,"column":28}},"50":{"start":{"line":51,"column":0},"end":{"line":51,"column":49}},"51":{"start":{"line":52,"column":0},"end":{"line":52,"column":15}},"52":{"start":{"line":53,"column":0},"end":{"line":53,"column":28}},"53":{"start":{"line":54,"column":0},"end":{"line":54,"column":26}},"54":{"start":{"line":55,"column":0},"end":{"line":55,"column":7}},"55":{"start":{"line":56,"column":0},"end":{"line":56,"column":5}},"56":{"start":{"line":57,"column":0},"end":{"line":57,"column":4}},"58":{"start":{"line":59,"column":0},"end":{"line":59,"column":19}},"59":{"start":{"line":60,"column":0},"end":{"line":60,"column":50}},"60":{"start":{"line":61,"column":0},"end":{"line":61,"column":42}},"61":{"start":{"line":62,"column":0},"end":{"line":62,"column":41}},"62":{"start":{"line":63,"column":0},"end":{"line":63,"column":9}},"64":{"start":{"line":65,"column":0},"end":{"line":65,"column":44}},"65":{"start":{"line":66,"column":0},"end":{"line":66,"column":50}},"66":{"start":{"line":67,"column":0},"end":{"line":67,"column":4}},"68":{"start":{"line":69,"column":0},"end":{"line":69,"column":32}},"69":{"start":{"line":70,"column":0},"end":{"line":70,"column":22}},"70":{"start":{"line":71,"column":0},"end":{"line":71,"column":4}},"72":{"start":{"line":73,"column":0},"end":{"line":73,"column":42}},"73":{"start":{"line":74,"column":0},"end":{"line":74,"column":39}},"74":{"start":{"line":75,"column":0},"end":{"line":75,"column":4}},"76":{"start":{"line":77,"column":0},"end":{"line":77,"column":48}},"77":{"start":{"line":78,"column":0},"end":{"line":78,"column":53}},"78":{"start":{"line":79,"column":0},"end":{"line":79,"column":4}},"80":{"start":{"line":81,"column":0},"end":{"line":81,"column":37}},"81":{"start":{"line":82,"column":0},"end":{"line":82,"column":28}},"82":{"start":{"line":83,"column":0},"end":{"line":83,"column":4}},"84":{"start":{"line":85,"column":0},"end":{"line":85,"column":41}},"85":{"start":{"line":86,"column":0},"end":{"line":86,"column":19}},"86":{"start":{"line":87,"column":0},"end":{"line":87,"column":20}},"87":{"start":{"line":88,"column":0},"end":{"line":88,"column":39}},"88":{"start":{"line":89,"column":0},"end":{"line":89,"column":19}},"89":{"start":{"line":90,"column":0},"end":{"line":90,"column":23}},"90":{"start":{"line":91,"column":0},"end":{"line":91,"column":23}},"91":{"start":{"line":92,"column":0},"end":{"line":92,"column":21}},"92":{"start":{"line":93,"column":0},"end":{"line":93,"column":25}},"93":{"start":{"line":94,"column":0},"end":{"line":94,"column":33}},"94":{"start":{"line":95,"column":0},"end":{"line":95,"column":13}},"95":{"start":{"line":96,"column":0},"end":{"line":96,"column":46}},"96":{"start":{"line":97,"column":0},"end":{"line":97,"column":37}},"97":{"start":{"line":98,"column":0},"end":{"line":98,"column":56}},"98":{"start":{"line":99,"column":0},"end":{"line":99,"column":48}},"99":{"start":{"line":100,"column":0},"end":{"line":100,"column":23}},"101":{"start":{"line":102,"column":0},"end":{"line":102,"column":19}},"102":{"start":{"line":103,"column":0},"end":{"line":103,"column":30}},"103":{"start":{"line":104,"column":0},"end":{"line":104,"column":9}},"104":{"start":{"line":105,"column":0},"end":{"line":105,"column":8}},"105":{"start":{"line":106,"column":0},"end":{"line":106,"column":7}},"106":{"start":{"line":107,"column":0},"end":{"line":107,"column":4}},"108":{"start":{"line":109,"column":0},"end":{"line":109,"column":36}},"109":{"start":{"line":110,"column":0},"end":{"line":110,"column":5}},"110":{"start":{"line":111,"column":0},"end":{"line":111,"column":21}},"111":{"start":{"line":112,"column":0},"end":{"line":112,"column":20}},"112":{"start":{"line":113,"column":0},"end":{"line":113,"column":35}},"114":{"start":{"line":115,"column":0},"end":{"line":115,"column":47}},"115":{"start":{"line":116,"column":0},"end":{"line":116,"column":6}},"116":{"start":{"line":117,"column":0},"end":{"line":117,"column":5}},"117":{"start":{"line":118,"column":0},"end":{"line":118,"column":27}},"118":{"start":{"line":119,"column":0},"end":{"line":119,"column":21}},"119":{"start":{"line":120,"column":0},"end":{"line":120,"column":33}},"120":{"start":{"line":121,"column":0},"end":{"line":121,"column":53}},"121":{"start":{"line":122,"column":0},"end":{"line":122,"column":6}},"122":{"start":{"line":123,"column":0},"end":{"line":123,"column":5}},"123":{"start":{"line":124,"column":0},"end":{"line":124,"column":22}},"124":{"start":{"line":125,"column":0},"end":{"line":125,"column":18}},"125":{"start":{"line":126,"column":0},"end":{"line":126,"column":33}},"126":{"start":{"line":127,"column":0},"end":{"line":127,"column":55}},"127":{"start":{"line":128,"column":0},"end":{"line":128,"column":6}},"128":{"start":{"line":129,"column":0},"end":{"line":129,"column":24}},"129":{"start":{"line":130,"column":0},"end":{"line":130,"column":5}},"130":{"start":{"line":131,"column":0},"end":{"line":131,"column":20}},"131":{"start":{"line":132,"column":0},"end":{"line":132,"column":18}},"132":{"start":{"line":133,"column":0},"end":{"line":133,"column":19}},"133":{"start":{"line":134,"column":0},"end":{"line":134,"column":31}},"134":{"start":{"line":135,"column":0},"end":{"line":135,"column":59}},"135":{"start":{"line":136,"column":0},"end":{"line":136,"column":6}},"136":{"start":{"line":137,"column":0},"end":{"line":137,"column":4}},"138":{"start":{"line":139,"column":0},"end":{"line":139,"column":16}},"139":{"start":{"line":140,"column":0},"end":{"line":140,"column":12}},"140":{"start":{"line":141,"column":0},"end":{"line":141,"column":60}},"141":{"start":{"line":142,"column":0},"end":{"line":142,"column":29}},"142":{"start":{"line":143,"column":0},"end":{"line":143,"column":55}},"143":{"start":{"line":144,"column":0},"end":{"line":144,"column":12}},"145":{"start":{"line":146,"column":0},"end":{"line":146,"column":3}},"147":{"start":{"line":148,"column":0},"end":{"line":148,"column":14}},"148":{"start":{"line":149,"column":0},"end":{"line":149,"column":12}},"149":{"start":{"line":150,"column":0},"end":{"line":150,"column":60}},"150":{"start":{"line":151,"column":0},"end":{"line":151,"column":48}},"151":{"start":{"line":152,"column":0},"end":{"line":152,"column":14}},"152":{"start":{"line":153,"column":0},"end":{"line":153,"column":15}},"153":{"start":{"line":154,"column":0},"end":{"line":154,"column":24}},"154":{"start":{"line":155,"column":0},"end":{"line":155,"column":33}},"155":{"start":{"line":156,"column":0},"end":{"line":156,"column":26}},"156":{"start":{"line":157,"column":0},"end":{"line":157,"column":58}},"157":{"start":{"line":158,"column":0},"end":{"line":158,"column":50}},"158":{"start":{"line":159,"column":0},"end":{"line":159,"column":12}},"159":{"start":{"line":160,"column":0},"end":{"line":160,"column":39}},"160":{"start":{"line":161,"column":0},"end":{"line":161,"column":9}},"162":{"start":{"line":163,"column":0},"end":{"line":163,"column":17}},"163":{"start":{"line":164,"column":0},"end":{"line":164,"column":12}},"165":{"start":{"line":166,"column":0},"end":{"line":166,"column":3}},"167":{"start":{"line":168,"column":0},"end":{"line":168,"column":10}},"168":{"start":{"line":169,"column":0},"end":{"line":169,"column":43}},"169":{"start":{"line":170,"column":0},"end":{"line":170,"column":45}},"170":{"start":{"line":171,"column":0},"end":{"line":171,"column":43}},"171":{"start":{"line":172,"column":0},"end":{"line":172,"column":68}},"172":{"start":{"line":173,"column":0},"end":{"line":173,"column":57}},"173":{"start":{"line":174,"column":0},"end":{"line":174,"column":14}},"175":{"start":{"line":176,"column":0},"end":{"line":176,"column":34}},"176":{"start":{"line":177,"column":0},"end":{"line":177,"column":45}},"177":{"start":{"line":178,"column":0},"end":{"line":178,"column":69}},"179":{"start":{"line":180,"column":0},"end":{"line":180,"column":19}},"180":{"start":{"line":181,"column":0},"end":{"line":181,"column":19}},"181":{"start":{"line":182,"column":0},"end":{"line":182,"column":28}},"182":{"start":{"line":183,"column":0},"end":{"line":183,"column":26}},"183":{"start":{"line":184,"column":0},"end":{"line":184,"column":39}},"184":{"start":{"line":185,"column":0},"end":{"line":185,"column":38}},"185":{"start":{"line":186,"column":0},"end":{"line":186,"column":49}},"186":{"start":{"line":187,"column":0},"end":{"line":187,"column":13}},"188":{"start":{"line":189,"column":0},"end":{"line":189,"column":21}},"189":{"start":{"line":190,"column":0},"end":{"line":190,"column":16}},"191":{"start":{"line":192,"column":0},"end":{"line":192,"column":45}},"192":{"start":{"line":193,"column":0},"end":{"line":193,"column":38}},"193":{"start":{"line":194,"column":0},"end":{"line":194,"column":19}},"194":{"start":{"line":195,"column":0},"end":{"line":195,"column":32}},"195":{"start":{"line":196,"column":0},"end":{"line":196,"column":45}},"196":{"start":{"line":197,"column":0},"end":{"line":197,"column":25}},"197":{"start":{"line":198,"column":0},"end":{"line":198,"column":64}},"198":{"start":{"line":199,"column":0},"end":{"line":199,"column":45}},"200":{"start":{"line":201,"column":0},"end":{"line":201,"column":51}},"201":{"start":{"line":202,"column":0},"end":{"line":202,"column":74}},"202":{"start":{"line":203,"column":0},"end":{"line":203,"column":22}},"203":{"start":{"line":204,"column":0},"end":{"line":204,"column":52}},"204":{"start":{"line":205,"column":0},"end":{"line":205,"column":96}},"205":{"start":{"line":206,"column":0},"end":{"line":206,"column":107}},"206":{"start":{"line":207,"column":0},"end":{"line":207,"column":138}},"207":{"start":{"line":208,"column":0},"end":{"line":208,"column":22}},"208":{"start":{"line":209,"column":0},"end":{"line":209,"column":87}},"209":{"start":{"line":210,"column":0},"end":{"line":210,"column":25}},"210":{"start":{"line":211,"column":0},"end":{"line":211,"column":42}},"211":{"start":{"line":212,"column":0},"end":{"line":212,"column":29}},"212":{"start":{"line":213,"column":0},"end":{"line":213,"column":35}},"213":{"start":{"line":214,"column":0},"end":{"line":214,"column":38}},"214":{"start":{"line":215,"column":0},"end":{"line":215,"column":53}},"215":{"start":{"line":216,"column":0},"end":{"line":216,"column":66}},"216":{"start":{"line":217,"column":0},"end":{"line":217,"column":41}},"217":{"start":{"line":218,"column":0},"end":{"line":218,"column":24}},"218":{"start":{"line":219,"column":0},"end":{"line":219,"column":30}},"219":{"start":{"line":220,"column":0},"end":{"line":220,"column":42}},"220":{"start":{"line":221,"column":0},"end":{"line":221,"column":29}},"221":{"start":{"line":222,"column":0},"end":{"line":222,"column":35}},"222":{"start":{"line":223,"column":0},"end":{"line":223,"column":38}},"223":{"start":{"line":224,"column":0},"end":{"line":224,"column":53}},"224":{"start":{"line":225,"column":0},"end":{"line":225,"column":68}},"225":{"start":{"line":226,"column":0},"end":{"line":226,"column":41}},"226":{"start":{"line":227,"column":0},"end":{"line":227,"column":24}},"227":{"start":{"line":228,"column":0},"end":{"line":228,"column":30}},"228":{"start":{"line":229,"column":0},"end":{"line":229,"column":29}},"229":{"start":{"line":230,"column":0},"end":{"line":230,"column":61}},"230":{"start":{"line":231,"column":0},"end":{"line":231,"column":45}},"231":{"start":{"line":232,"column":0},"end":{"line":232,"column":27}},"233":{"start":{"line":234,"column":0},"end":{"line":234,"column":29}},"234":{"start":{"line":235,"column":0},"end":{"line":235,"column":35}},"235":{"start":{"line":236,"column":0},"end":{"line":236,"column":38}},"236":{"start":{"line":237,"column":0},"end":{"line":237,"column":47}},"237":{"start":{"line":238,"column":0},"end":{"line":238,"column":59}},"238":{"start":{"line":239,"column":0},"end":{"line":239,"column":39}},"239":{"start":{"line":240,"column":0},"end":{"line":240,"column":24}},"240":{"start":{"line":241,"column":0},"end":{"line":241,"column":31}},"241":{"start":{"line":242,"column":0},"end":{"line":242,"column":26}},"242":{"start":{"line":243,"column":0},"end":{"line":243,"column":22}},"243":{"start":{"line":244,"column":0},"end":{"line":244,"column":21}},"244":{"start":{"line":245,"column":0},"end":{"line":245,"column":15}},"245":{"start":{"line":246,"column":0},"end":{"line":246,"column":16}},"247":{"start":{"line":248,"column":0},"end":{"line":248,"column":12}},"248":{"start":{"line":249,"column":0},"end":{"line":249,"column":10}},"250":{"start":{"line":251,"column":0},"end":{"line":251,"column":2}},"252":{"start":{"line":253,"column":0},"end":{"line":253,"column":30}}},"s":{"2":1,"3":1,"5":1,"15":1,"25":1,"26":1,"28":1,"30":1,"32":53,"33":53,"34":53,"35":53,"36":53,"37":53,"39":53,"40":18,"41":18,"42":18,"43":18,"44":15,"45":15,"46":18,"47":2,"48":2,"50":2,"51":18,"52":17,"53":17,"54":17,"55":17,"56":18,"58":53,"59":16,"60":16,"61":16,"62":53,"64":53,"65":1,"66":1,"68":53,"69":1,"70":1,"72":53,"73":2,"74":2,"76":53,"77":2,"78":2,"80":53,"81":1,"82":1,"84":53,"85":2,"86":2,"87":2,"88":2,"89":2,"90":2,"91":2,"92":2,"93":1,"94":1,"95":1,"96":1,"97":1,"98":1,"99":1,"101":1,"102":1,"103":1,"104":1,"105":2,"106":2,"108":53,"109":28,"110":28,"111":28,"112":28,"114":28,"115":28,"116":28,"117":28,"118":28,"119":28,"120":28,"121":28,"122":28,"123":28,"124":28,"125":28,"126":28,"127":28,"128":28,"129":28,"130":28,"131":28,"132":28,"133":28,"134":28,"135":28,"136":28,"138":53,"139":18,"140":18,"141":18,"142":18,"143":18,"145":18,"147":53,"148":2,"149":2,"150":2,"151":2,"152":2,"153":2,"154":2,"155":2,"156":1,"157":1,"158":1,"159":2,"160":2,"162":2,"163":2,"165":2,"167":32,"168":32,"169":32,"170":32,"171":32,"172":32,"173":32,"175":32,"176":18,"177":18,"179":18,"180":18,"181":18,"182":18,"183":18,"184":18,"185":18,"186":18,"188":18,"189":18,"191":14,"192":14,"193":28,"194":28,"195":28,"196":28,"197":28,"198":28,"200":28,"201":28,"202":28,"203":28,"204":28,"205":28,"206":28,"207":28,"208":28,"209":28,"210":28,"211":28,"212":28,"213":28,"214":28,"215":28,"216":28,"217":28,"218":28,"219":28,"220":28,"221":28,"222":28,"223":28,"224":28,"225":28,"226":28,"227":28,"228":28,"229":28,"230":28,"231":28,"233":28,"234":28,"235":28,"236":28,"237":28,"238":28,"239":28,"240":28,"241":28,"242":28,"243":28,"244":14,"245":14,"247":53,"248":53,"250":53,"252":1},"branchMap":{"0":{"type":"branch","line":31,"loc":{"start":{"line":31,"column":23},"end":{"line":251,"column":2}},"locations":[{"start":{"line":31,"column":23},"end":{"line":251,"column":2}}]},"1":{"type":"branch","line":139,"loc":{"start":{"line":139,"column":15},"end":{"line":146,"column":3}},"locations":[{"start":{"line":139,"column":15},"end":{"line":146,"column":3}}]},"2":{"type":"branch","line":146,"loc":{"start":{"line":146,"column":2},"end":{"line":148,"column":13}},"locations":[{"start":{"line":146,"column":2},"end":{"line":148,"column":13}}]},"3":{"type":"branch","line":148,"loc":{"start":{"line":148,"column":13},"end":{"line":166,"column":3}},"locations":[{"start":{"line":148,"column":13},"end":{"line":166,"column":3}}]},"4":{"type":"branch","line":166,"loc":{"start":{"line":166,"column":2},"end":{"line":176,"column":34}},"locations":[{"start":{"line":166,"column":2},"end":{"line":176,"column":34}}]},"5":{"type":"branch","line":176,"loc":{"start":{"line":176,"column":29},"end":{"line":190,"column":16}},"locations":[{"start":{"line":176,"column":29},"end":{"line":190,"column":16}}]},"6":{"type":"branch","line":190,"loc":{"start":{"line":190,"column":10},"end":{"line":246,"column":16}},"locations":[{"start":{"line":190,"column":10},"end":{"line":246,"column":16}}]},"7":{"type":"branch","line":40,"loc":{"start":{"line":40,"column":24},"end":{"line":57,"column":4}},"locations":[{"start":{"line":40,"column":24},"end":{"line":57,"column":4}}]},"8":{"type":"branch","line":44,"loc":{"start":{"line":44,"column":55},"end":{"line":45,"column":33}},"locations":[{"start":{"line":44,"column":55},"end":{"line":45,"column":33}}]},"9":{"type":"branch","line":45,"loc":{"start":{"line":45,"column":26},"end":{"line":45,"column":33}},"locations":[{"start":{"line":45,"column":26},"end":{"line":45,"column":33}}]},"10":{"type":"branch","line":45,"loc":{"start":{"line":45,"column":26},"end":{"line":47,"column":13}},"locations":[{"start":{"line":45,"column":26},"end":{"line":47,"column":13}}]},"11":{"type":"branch","line":47,"loc":{"start":{"line":47,"column":4},"end":{"line":52,"column":6}},"locations":[{"start":{"line":47,"column":4},"end":{"line":52,"column":6}}]},"12":{"type":"branch","line":48,"loc":{"start":{"line":48,"column":26},"end":{"line":48,"column":33}},"locations":[{"start":{"line":48,"column":26},"end":{"line":48,"column":33}}]},"13":{"type":"branch","line":52,"loc":{"start":{"line":52,"column":4},"end":{"line":56,"column":5}},"locations":[{"start":{"line":52,"column":4},"end":{"line":56,"column":5}}]},"14":{"type":"branch","line":59,"loc":{"start":{"line":59,"column":12},"end":{"line":63,"column":5}},"locations":[{"start":{"line":59,"column":12},"end":{"line":63,"column":5}}]},"15":{"type":"branch","line":62,"loc":{"start":{"line":62,"column":11},"end":{"line":62,"column":41}},"locations":[{"start":{"line":62,"column":11},"end":{"line":62,"column":41}}]},"16":{"type":"branch","line":65,"loc":{"start":{"line":65,"column":30},"end":{"line":67,"column":4}},"locations":[{"start":{"line":65,"column":30},"end":{"line":67,"column":4}}]},"17":{"type":"branch","line":69,"loc":{"start":{"line":69,"column":25},"end":{"line":71,"column":4}},"locations":[{"start":{"line":69,"column":25},"end":{"line":71,"column":4}}]},"18":{"type":"branch","line":73,"loc":{"start":{"line":73,"column":28},"end":{"line":75,"column":4}},"locations":[{"start":{"line":73,"column":28},"end":{"line":75,"column":4}}]},"19":{"type":"branch","line":77,"loc":{"start":{"line":77,"column":34},"end":{"line":79,"column":4}},"locations":[{"start":{"line":77,"column":34},"end":{"line":79,"column":4}}]},"20":{"type":"branch","line":81,"loc":{"start":{"line":81,"column":30},"end":{"line":83,"column":4}},"locations":[{"start":{"line":81,"column":30},"end":{"line":83,"column":4}}]},"21":{"type":"branch","line":85,"loc":{"start":{"line":85,"column":28},"end":{"line":107,"column":4}},"locations":[{"start":{"line":85,"column":28},"end":{"line":107,"column":4}}]},"22":{"type":"branch","line":93,"loc":{"start":{"line":93,"column":12},"end":{"line":105,"column":8}},"locations":[{"start":{"line":93,"column":12},"end":{"line":105,"column":8}}]},"23":{"type":"branch","line":100,"loc":{"start":{"line":100,"column":8},"end":{"line":102,"column":10}},"locations":[{"start":{"line":100,"column":8},"end":{"line":102,"column":10}}]},"24":{"type":"branch","line":109,"loc":{"start":{"line":109,"column":23},"end":{"line":137,"column":4}},"locations":[{"start":{"line":109,"column":23},"end":{"line":137,"column":4}}]},"25":{"type":"branch","line":115,"loc":{"start":{"line":115,"column":15},"end":{"line":115,"column":47}},"locations":[{"start":{"line":115,"column":15},"end":{"line":115,"column":47}}]},"26":{"type":"branch","line":121,"loc":{"start":{"line":121,"column":15},"end":{"line":121,"column":53}},"locations":[{"start":{"line":121,"column":15},"end":{"line":121,"column":53}}]},"27":{"type":"branch","line":127,"loc":{"start":{"line":127,"column":15},"end":{"line":127,"column":55}},"locations":[{"start":{"line":127,"column":15},"end":{"line":127,"column":55}}]},"28":{"type":"branch","line":135,"loc":{"start":{"line":135,"column":15},"end":{"line":135,"column":59}},"locations":[{"start":{"line":135,"column":15},"end":{"line":135,"column":59}}]},"29":{"type":"branch","line":156,"loc":{"start":{"line":156,"column":19},"end":{"line":159,"column":12}},"locations":[{"start":{"line":156,"column":19},"end":{"line":159,"column":12}}]},"30":{"type":"branch","line":193,"loc":{"start":{"line":193,"column":26},"end":{"line":244,"column":21}},"locations":[{"start":{"line":193,"column":26},"end":{"line":244,"column":21}}]},"31":{"type":"branch","line":198,"loc":{"start":{"line":198,"column":25},"end":{"line":198,"column":64}},"locations":[{"start":{"line":198,"column":25},"end":{"line":198,"column":64}}]},"32":{"type":"branch","line":209,"loc":{"start":{"line":209,"column":61},"end":{"line":209,"column":87}},"locations":[{"start":{"line":209,"column":61},"end":{"line":209,"column":87}}]},"33":{"type":"branch","line":216,"loc":{"start":{"line":216,"column":33},"end":{"line":216,"column":66}},"locations":[{"start":{"line":216,"column":33},"end":{"line":216,"column":66}}]},"34":{"type":"branch","line":225,"loc":{"start":{"line":225,"column":33},"end":{"line":225,"column":68}},"locations":[{"start":{"line":225,"column":33},"end":{"line":225,"column":68}}]}},"b":{"0":[53],"1":[18],"2":[34],"3":[2],"4":[32],"5":[18],"6":[14],"7":[18],"8":[15],"9":[0],"10":[15],"11":[2],"12":[0],"13":[17],"14":[16],"15":[16],"16":[1],"17":[1],"18":[2],"19":[2],"20":[1],"21":[2],"22":[1],"23":[0],"24":[28],"25":[1],"26":[1],"27":[1],"28":[2],"29":[1],"30":[28],"31":[1],"32":[13],"33":[1],"34":[1]},"fnMap":{"0":{"name":"DataCenterPage","decl":{"start":{"line":31,"column":23},"end":{"line":251,"column":2}},"loc":{"start":{"line":31,"column":23},"end":{"line":251,"column":2}},"line":31},"1":{"name":"fetchDatasets","decl":{"start":{"line":40,"column":24},"end":{"line":57,"column":4}},"loc":{"start":{"line":40,"column":24},"end":{"line":57,"column":4}},"line":40},"2":{"name":"handleStartTraining","decl":{"start":{"line":65,"column":30},"end":{"line":67,"column":4}},"loc":{"start":{"line":65,"column":30},"end":{"line":67,"column":4}},"line":65},"3":{"name":"handleGoToHome","decl":{"start":{"line":69,"column":25},"end":{"line":71,"column":4}},"loc":{"start":{"line":69,"column":25},"end":{"line":71,"column":4}},"line":69},"4":{"name":"handleViewDetails","decl":{"start":{"line":73,"column":28},"end":{"line":75,"column":4}},"loc":{"start":{"line":73,"column":28},"end":{"line":75,"column":4}},"line":73},"5":{"name":"handleViewVisualization","decl":{"start":{"line":77,"column":34},"end":{"line":79,"column":4}},"loc":{"start":{"line":77,"column":34},"end":{"line":79,"column":4}},"line":77},"6":{"name":"handleDownloadClick","decl":{"start":{"line":81,"column":30},"end":{"line":83,"column":4}},"loc":{"start":{"line":81,"column":30},"end":{"line":83,"column":4}},"line":81},"7":{"name":"handleDeleteClick","decl":{"start":{"line":85,"column":28},"end":{"line":107,"column":4}},"loc":{"start":{"line":85,"column":28},"end":{"line":107,"column":4}},"line":85},"8":{"name":"onOk","decl":{"start":{"line":93,"column":12},"end":{"line":105,"column":8}},"loc":{"start":{"line":93,"column":12},"end":{"line":105,"column":8}},"line":93},"9":{"name":"getMenuItems","decl":{"start":{"line":109,"column":23},"end":{"line":137,"column":4}},"loc":{"start":{"line":109,"column":23},"end":{"line":137,"column":4}},"line":109},"10":{"name":"onClick","decl":{"start":{"line":115,"column":15},"end":{"line":115,"column":47}},"loc":{"start":{"line":115,"column":15},"end":{"line":115,"column":47}},"line":115},"11":{"name":"onClick","decl":{"start":{"line":121,"column":15},"end":{"line":121,"column":53}},"loc":{"start":{"line":121,"column":15},"end":{"line":121,"column":53}},"line":121},"12":{"name":"onClick","decl":{"start":{"line":127,"column":15},"end":{"line":127,"column":55}},"loc":{"start":{"line":127,"column":15},"end":{"line":127,"column":55}},"line":127},"13":{"name":"onClick","decl":{"start":{"line":135,"column":15},"end":{"line":135,"column":59}},"loc":{"start":{"line":135,"column":15},"end":{"line":135,"column":59}},"line":135},"14":{"name":"onClick","decl":{"start":{"line":156,"column":19},"end":{"line":159,"column":12}},"loc":{"start":{"line":156,"column":19},"end":{"line":159,"column":12}},"line":156},"15":{"name":"onClick","decl":{"start":{"line":198,"column":25},"end":{"line":198,"column":64}},"loc":{"start":{"line":198,"column":25},"end":{"line":198,"column":64}},"line":198},"16":{"name":"onClick","decl":{"start":{"line":209,"column":61},"end":{"line":209,"column":87}},"loc":{"start":{"line":209,"column":61},"end":{"line":209,"column":87}},"line":209},"17":{"name":"onClick","decl":{"start":{"line":216,"column":33},"end":{"line":216,"column":66}},"loc":{"start":{"line":216,"column":33},"end":{"line":216,"column":66}},"line":216},"18":{"name":"onClick","decl":{"start":{"line":225,"column":33},"end":{"line":225,"column":68}},"loc":{"start":{"line":225,"column":33},"end":{"line":225,"column":68}},"line":225}},"f":{"0":53,"1":18,"2":1,"3":1,"4":2,"5":2,"6":1,"7":2,"8":1,"9":28,"10":1,"11":1,"12":1,"13":2,"14":1,"15":1,"16":13,"17":1,"18":1}}
,"/home/hungryidiot/study/SoftwareEngineering/SE25Project-17/frontend/src/pages/DatasetDetail/index.jsx": {"path":"/home/hungryidiot/study/SoftwareEngineering/SE25Project-17/frontend/src/pages/DatasetDetail/index.jsx","all":false,"statementMap":{"0":{"start":{"line":1,"column":0},"end":{"line":1,"column":64}},"1":{"start":{"line":2,"column":0},"end":{"line":2,"column":58}},"2":{"start":{"line":3,"column":0},"end":{"line":3,"column":9}},"18":{"start":{"line":19,"column":0},"end":{"line":19,"column":8}},"29":{"start":{"line":30,"column":0},"end":{"line":30,"column":42}},"30":{"start":{"line":31,"column":0},"end":{"line":31,"column":48}},"32":{"start":{"line":33,"column":0},"end":{"line":33,"column":46}},"34":{"start":{"line":35,"column":0},"end":{"line":35,"column":36}},"35":{"start":{"line":36,"column":0},"end":{"line":36,"column":42}},"36":{"start":{"line":37,"column":0},"end":{"line":37,"column":36}},"37":{"start":{"line":38,"column":0},"end":{"line":38,"column":33}},"38":{"start":{"line":39,"column":0},"end":{"line":39,"column":47}},"39":{"start":{"line":40,"column":0},"end":{"line":40,"column":47}},"40":{"start":{"line":41,"column":0},"end":{"line":41,"column":43}},"41":{"start":{"line":42,"column":0},"end":{"line":42,"column":51}},"42":{"start":{"line":43,"column":0},"end":{"line":43,"column":50}},"45":{"start":{"line":46,"column":0},"end":{"line":46,"column":38}},"46":{"start":{"line":47,"column":0},"end":{"line":47,"column":9}},"47":{"start":{"line":48,"column":0},"end":{"line":48,"column":50}},"48":{"start":{"line":49,"column":0},"end":{"line":49,"column":56}},"50":{"start":{"line":51,"column":0},"end":{"line":51,"column":34}},"51":{"start":{"line":52,"column":0},"end":{"line":52,"column":35}},"52":{"start":{"line":53,"column":0},"end":{"line":53,"column":41}},"53":{"start":{"line":54,"column":0},"end":{"line":54,"column":43}},"54":{"start":{"line":55,"column":0},"end":{"line":55,"column":69}},"56":{"start":{"line":57,"column":0},"end":{"line":57,"column":20}},"57":{"start":{"line":58,"column":0},"end":{"line":58,"column":60}},"58":{"start":{"line":59,"column":0},"end":{"line":59,"column":56}},"59":{"start":{"line":60,"column":0},"end":{"line":60,"column":29}},"60":{"start":{"line":61,"column":0},"end":{"line":61,"column":63}},"61":{"start":{"line":62,"column":0},"end":{"line":62,"column":46}},"62":{"start":{"line":63,"column":0},"end":{"line":63,"column":9}},"65":{"start":{"line":66,"column":0},"end":{"line":66,"column":57}},"66":{"start":{"line":67,"column":0},"end":{"line":67,"column":42}},"67":{"start":{"line":68,"column":0},"end":{"line":68,"column":33}},"68":{"start":{"line":69,"column":0},"end":{"line":69,"column":19}},"69":{"start":{"line":70,"column":0},"end":{"line":70,"column":39}},"70":{"start":{"line":71,"column":0},"end":{"line":71,"column":47}},"71":{"start":{"line":72,"column":0},"end":{"line":72,"column":5}},"72":{"start":{"line":73,"column":0},"end":{"line":73,"column":4}},"75":{"start":{"line":76,"column":0},"end":{"line":76,"column":42}},"76":{"start":{"line":77,"column":0},"end":{"line":77,"column":9}},"77":{"start":{"line":78,"column":0},"end":{"line":78,"column":23}},"78":{"start":{"line":79,"column":0},"end":{"line":79,"column":21}},"81":{"start":{"line":82,"column":0},"end":{"line":82,"column":50}},"82":{"start":{"line":83,"column":0},"end":{"line":83,"column":19}},"83":{"start":{"line":84,"column":0},"end":{"line":84,"column":44}},"84":{"start":{"line":85,"column":0},"end":{"line":85,"column":7}},"86":{"start":{"line":87,"column":0},"end":{"line":87,"column":88}},"87":{"start":{"line":88,"column":0},"end":{"line":88,"column":75}},"89":{"start":{"line":90,"column":0},"end":{"line":90,"column":60}},"90":{"start":{"line":91,"column":0},"end":{"line":91,"column":27}},"91":{"start":{"line":92,"column":0},"end":{"line":92,"column":42}},"92":{"start":{"line":93,"column":0},"end":{"line":93,"column":19}},"93":{"start":{"line":94,"column":0},"end":{"line":94,"column":39}},"94":{"start":{"line":95,"column":0},"end":{"line":95,"column":30}},"95":{"start":{"line":96,"column":0},"end":{"line":96,"column":29}},"96":{"start":{"line":97,"column":0},"end":{"line":97,"column":37}},"97":{"start":{"line":98,"column":0},"end":{"line":98,"column":45}},"98":{"start":{"line":99,"column":0},"end":{"line":99,"column":29}},"99":{"start":{"line":100,"column":0},"end":{"line":100,"column":36}},"100":{"start":{"line":101,"column":0},"end":{"line":101,"column":9}},"103":{"start":{"line":104,"column":0},"end":{"line":104,"column":104}},"104":{"start":{"line":105,"column":0},"end":{"line":105,"column":31}},"105":{"start":{"line":106,"column":0},"end":{"line":106,"column":36}},"107":{"start":{"line":108,"column":0},"end":{"line":108,"column":41}},"108":{"start":{"line":109,"column":0},"end":{"line":109,"column":44}},"109":{"start":{"line":110,"column":0},"end":{"line":110,"column":26}},"110":{"start":{"line":111,"column":0},"end":{"line":111,"column":34}},"111":{"start":{"line":112,"column":0},"end":{"line":112,"column":17}},"112":{"start":{"line":113,"column":0},"end":{"line":113,"column":14}},"113":{"start":{"line":114,"column":0},"end":{"line":114,"column":30}},"114":{"start":{"line":115,"column":0},"end":{"line":115,"column":51}},"115":{"start":{"line":116,"column":0},"end":{"line":116,"column":7}},"116":{"start":{"line":117,"column":0},"end":{"line":117,"column":15}},"117":{"start":{"line":118,"column":0},"end":{"line":118,"column":24}},"118":{"start":{"line":119,"column":0},"end":{"line":119,"column":5}},"119":{"start":{"line":120,"column":0},"end":{"line":120,"column":4}},"122":{"start":{"line":123,"column":0},"end":{"line":123,"column":19}},"123":{"start":{"line":124,"column":0},"end":{"line":124,"column":20}},"124":{"start":{"line":125,"column":0},"end":{"line":125,"column":27}},"125":{"start":{"line":126,"column":0},"end":{"line":126,"column":5}},"126":{"start":{"line":127,"column":0},"end":{"line":127,"column":28}},"129":{"start":{"line":130,"column":0},"end":{"line":130,"column":28}},"130":{"start":{"line":131,"column":0},"end":{"line":131,"column":29}},"131":{"start":{"line":132,"column":0},"end":{"line":132,"column":4}},"134":{"start":{"line":135,"column":0},"end":{"line":135,"column":37}},"135":{"start":{"line":136,"column":0},"end":{"line":136,"column":47}},"136":{"start":{"line":137,"column":0},"end":{"line":137,"column":4}},"139":{"start":{"line":140,"column":0},"end":{"line":140,"column":28}},"140":{"start":{"line":141,"column":0},"end":{"line":141,"column":28}},"141":{"start":{"line":142,"column":0},"end":{"line":142,"column":4}},"144":{"start":{"line":145,"column":0},"end":{"line":145,"column":30}},"145":{"start":{"line":146,"column":0},"end":{"line":146,"column":19}},"146":{"start":{"line":147,"column":0},"end":{"line":147,"column":20}},"147":{"start":{"line":148,"column":0},"end":{"line":148,"column":39}},"148":{"start":{"line":149,"column":0},"end":{"line":149,"column":19}},"149":{"start":{"line":150,"column":0},"end":{"line":150,"column":23}},"150":{"start":{"line":151,"column":0},"end":{"line":151,"column":23}},"151":{"start":{"line":152,"column":0},"end":{"line":152,"column":21}},"152":{"start":{"line":153,"column":0},"end":{"line":153,"column":25}},"153":{"start":{"line":154,"column":0},"end":{"line":154,"column":26}},"154":{"start":{"line":155,"column":0},"end":{"line":155,"column":13}},"155":{"start":{"line":156,"column":0},"end":{"line":156,"column":46}},"156":{"start":{"line":157,"column":0},"end":{"line":157,"column":37}},"157":{"start":{"line":158,"column":0},"end":{"line":158,"column":35}},"158":{"start":{"line":159,"column":0},"end":{"line":159,"column":23}},"159":{"start":{"line":160,"column":0},"end":{"line":160,"column":44}},"160":{"start":{"line":161,"column":0},"end":{"line":161,"column":45}},"161":{"start":{"line":162,"column":0},"end":{"line":162,"column":45}},"162":{"start":{"line":163,"column":0},"end":{"line":163,"column":48}},"163":{"start":{"line":164,"column":0},"end":{"line":164,"column":60}},"164":{"start":{"line":165,"column":0},"end":{"line":165,"column":51}},"165":{"start":{"line":166,"column":0},"end":{"line":166,"column":41}},"166":{"start":{"line":167,"column":0},"end":{"line":167,"column":18}},"167":{"start":{"line":168,"column":0},"end":{"line":168,"column":50}},"168":{"start":{"line":169,"column":0},"end":{"line":169,"column":11}},"169":{"start":{"line":170,"column":0},"end":{"line":170,"column":19}},"170":{"start":{"line":171,"column":0},"end":{"line":171,"column":29}},"171":{"start":{"line":172,"column":0},"end":{"line":172,"column":9}},"172":{"start":{"line":173,"column":0},"end":{"line":173,"column":8}},"173":{"start":{"line":174,"column":0},"end":{"line":174,"column":7}},"174":{"start":{"line":175,"column":0},"end":{"line":175,"column":4}},"177":{"start":{"line":178,"column":0},"end":{"line":178,"column":32}},"178":{"start":{"line":179,"column":0},"end":{"line":179,"column":28}},"179":{"start":{"line":180,"column":0},"end":{"line":180,"column":4}},"181":{"start":{"line":182,"column":0},"end":{"line":182,"column":16}},"182":{"start":{"line":183,"column":0},"end":{"line":183,"column":12}},"183":{"start":{"line":184,"column":0},"end":{"line":184,"column":47}},"184":{"start":{"line":185,"column":0},"end":{"line":185,"column":29}},"185":{"start":{"line":186,"column":0},"end":{"line":186,"column":55}},"186":{"start":{"line":187,"column":0},"end":{"line":187,"column":12}},"188":{"start":{"line":189,"column":0},"end":{"line":189,"column":3}},"190":{"start":{"line":191,"column":0},"end":{"line":191,"column":14}},"191":{"start":{"line":192,"column":0},"end":{"line":192,"column":12}},"192":{"start":{"line":193,"column":0},"end":{"line":193,"column":45}},"193":{"start":{"line":194,"column":0},"end":{"line":194,"column":48}},"194":{"start":{"line":195,"column":0},"end":{"line":195,"column":14}},"195":{"start":{"line":196,"column":0},"end":{"line":196,"column":90}},"197":{"start":{"line":198,"column":0},"end":{"line":198,"column":17}},"198":{"start":{"line":199,"column":0},"end":{"line":199,"column":86}},"200":{"start":{"line":201,"column":0},"end":{"l
[...]
ne":72,"column":9}},"73":{"start":{"line":74,"column":0},"end":{"line":74,"column":24}},"74":{"start":{"line":75,"column":0},"end":{"line":75,"column":88}},"75":{"start":{"line":76,"column":0},"end":{"line":76,"column":27}},"76":{"start":{"line":77,"column":0},"end":{"line":77,"column":9}},"77":{"start":{"line":78,"column":0},"end":{"line":78,"column":8}},"79":{"start":{"line":80,"column":0},"end":{"line":80,"column":21}},"80":{"start":{"line":81,"column":0},"end":{"line":81,"column":51}},"81":{"start":{"line":82,"column":0},"end":{"line":82,"column":33}},"82":{"start":{"line":83,"column":0},"end":{"line":83,"column":36}},"83":{"start":{"line":84,"column":0},"end":{"line":84,"column":7}},"84":{"start":{"line":85,"column":0},"end":{"line":85,"column":5}},"85":{"start":{"line":86,"column":0},"end":{"line":86,"column":3}},"87":{"start":{"line":88,"column":0},"end":{"line":88,"column":7}},"88":{"start":{"line":89,"column":0},"end":{"line":89,"column":15}},"89":{"start":{"line":90,"column":0},"end":{"line":90,"column":29}},"90":{"start":{"line":91,"column":0},"end":{"line":91,"column":4}},"91":{"start":{"line":92,"column":0},"end":{"line":92,"column":29}},"92":{"start":{"line":93,"column":0},"end":{"line":93,"column":92}},"93":{"start":{"line":94,"column":0},"end":{"line":94,"column":4}},"94":{"start":{"line":95,"column":0},"end":{"line":95,"column":22}},"95":{"start":{"line":96,"column":0},"end":{"line":96,"column":32}},"96":{"start":{"line":97,"column":0},"end":{"line":97,"column":56}},"97":{"start":{"line":98,"column":0},"end":{"line":98,"column":3}},"99":{"start":{"line":100,"column":0},"end":{"line":100,"column":9}},"100":{"start":{"line":101,"column":0},"end":{"line":101,"column":17}},"101":{"start":{"line":102,"column":0},"end":{"line":102,"column":59}},"102":{"start":{"line":103,"column":0},"end":{"line":103,"column":28}},"103":{"start":{"line":104,"column":0},"end":{"line":104,"column":12}},"104":{"start":{"line":105,"column":0},"end":{"line":105,"column":46}},"105":{"start":{"line":106,"column":0},"end":{"line":106,"column":5}},"106":{"start":{"line":107,"column":0},"end":{"line":107,"column":3}},"108":{"start":{"line":109,"column":0},"end":{"line":109,"column":9}},"109":{"start":{"line":110,"column":0},"end":{"line":110,"column":16}},"110":{"start":{"line":111,"column":0},"end":{"line":111,"column":18}},"111":{"start":{"line":112,"column":0},"end":{"line":112,"column":27}},"112":{"start":{"line":113,"column":0},"end":{"line":113,"column":34}},"113":{"start":{"line":114,"column":0},"end":{"line":114,"column":21}},"114":{"start":{"line":115,"column":0},"end":{"line":115,"column":25}},"115":{"start":{"line":116,"column":0},"end":{"line":116,"column":5}},"116":{"start":{"line":117,"column":0},"end":{"line":117,"column":15}},"117":{"start":{"line":118,"column":0},"end":{"line":118,"column":26}},"118":{"start":{"line":119,"column":0},"end":{"line":119,"column":3}},"120":{"start":{"line":121,"column":0},"end":{"line":121,"column":9}},"121":{"start":{"line":122,"column":0},"end":{"line":122,"column":20}},"122":{"start":{"line":123,"column":0},"end":{"line":123,"column":48}},"123":{"start":{"line":124,"column":0},"end":{"line":124,"column":61}},"124":{"start":{"line":125,"column":0},"end":{"line":125,"column":26}},"125":{"start":{"line":126,"column":0},"end":{"line":126,"column":7}},"126":{"start":{"line":127,"column":0},"end":{"line":127,"column":27}},"127":{"start":{"line":128,"column":0},"end":{"line":128,"column":3}},"129":{"start":{"line":130,"column":0},"end":{"line":130,"column":19}},"130":{"start":{"line":131,"column":0},"end":{"line":131,"column":33}},"131":{"start":{"line":132,"column":0},"end":{"line":132,"column":44}},"132":{"start":{"line":133,"column":0},"end":{"line":133,"column":36}},"133":{"start":{"line":134,"column":0},"end":{"line":134,"column":5}},"134":{"start":{"line":135,"column":0},"end":{"line":135,"column":3}},"136":{"start":{"line":137,"column":0},"end":{"line":137,"column":11}},"137":{"start":{"line":138,"column":0},"end":{"line":138,"column":23}},"138":{"start":{"line":139,"column":0},"end":{"line":139,"column":38}},"139":{"start":{"line":140,"column":0},"end":{"line":140,"column":3}},"141":{"start":{"line":142,"column":0},"end":{"line":142,"column":21}},"142":{"start":{"line":143,"column":0},"end":{"line":143,"column":36}},"143":{"start":{"line":144,"column":0},"end":{"line":144,"column":3}},"145":{"start":{"line":146,"column":0},"end":{"line":146,"column":21}},"146":{"start":{"line":147,"column":0},"end":{"line":147,"column":36}},"147":{"start":{"line":148,"column":0},"end":{"line":148,"column":3}},"149":{"start":{"line":150,"column":0},"end":{"line":150,"column":20}},"150":{"start":{"line":151,"column":0},"end":{"line":151,"column":35}},"151":{"start":{"line":152,"column":0},"end":{"line":152,"column":3}},"153":{"start":{"line":154,"column":0},"end":{"line":154,"column":13}},"154":{"start":{"line":155,"column":0},"end":{"line":155,"column":20}},"155":{"start":{"line":156,"column":0},"end":{"line":156,"column":34}},"156":{"start":{"line":157,"column":0},"end":{"line":157,"column":32}},"157":{"start":{"line":158,"column":0},"end":{"line":158,"column":32}},"158":{"start":{"line":159,"column":0},"end":{"line":159,"column":31}},"159":{"start":{"line":160,"column":0},"end":{"line":160,"column":3}},"161":{"start":{"line":162,"column":0},"end":{"line":162,"column":11}},"162":{"start":{"line":163,"column":0},"end":{"line":163,"column":15}},"163":{"start":{"line":164,"column":0},"end":{"line":164,"column":19}},"164":{"start":{"line":165,"column":0},"end":{"line":165,"column":28}},"165":{"start":{"line":166,"column":0},"end":{"line":166,"column":5}},"166":{"start":{"line":167,"column":0},"end":{"line":167,"column":4}},"167":{"start":{"line":168,"column":0},"end":{"line":168,"column":33}},"168":{"start":{"line":169,"column":0},"end":{"line":169,"column":32}},"169":{"start":{"line":170,"column":0},"end":{"line":170,"column":28}},"170":{"start":{"line":171,"column":0},"end":{"line":171,"column":26}},"171":{"start":{"line":172,"column":0},"end":{"line":172,"column":27}},"172":{"start":{"line":173,"column":0},"end":{"line":173,"column":29}},"173":{"start":{"line":174,"column":0},"end":{"line":174,"column":25}},"174":{"start":{"line":175,"column":0},"end":{"line":175,"column":28}},"175":{"start":{"line":176,"column":0},"end":{"line":176,"column":24}},"176":{"start":{"line":177,"column":0},"end":{"line":177,"column":14}},"177":{"start":{"line":178,"column":0},"end":{"line":178,"column":25}},"178":{"start":{"line":179,"column":0},"end":{"line":179,"column":5}},"179":{"start":{"line":180,"column":0},"end":{"line":180,"column":3}},"181":{"start":{"line":182,"column":0},"end":{"line":182,"column":12}},"182":{"start":{"line":183,"column":0},"end":{"line":183,"column":17}},"183":{"start":{"line":184,"column":0},"end":{"line":184,"column":60}},"184":{"start":{"line":185,"column":0},"end":{"line":185,"column":3}},"185":{"start":{"line":186,"column":0},"end":{"line":186,"column":1}},"187":{"start":{"line":188,"column":0},"end":{"line":188,"column":9}},"188":{"start":{"line":189,"column":0},"end":{"line":189,"column":56}},"190":{"start":{"line":191,"column":0},"end":{"line":191,"column":36}}},"s":{"0":1,"1":1,"3":1,"4":1,"5":1,"6":1,"7":1,"8":1,"9":1,"10":1,"11":1,"12":1,"13":1,"14":1,"15":1,"17":1,"18":1,"19":23,"20":1,"21":1,"22":1,"24":22,"26":22,"27":22,"28":22,"29":22,"30":22,"31":22,"32":22,"33":22,"34":22,"35":22,"36":22,"37":4,"38":4,"39":4,"40":4,"41":1,"42":1,"43":22,"45":22,"46":2,"47":2,"48":2,"49":2,"50":2,"51":2,"52":2,"53":2,"54":1,"55":1,"56":22,"58":22,"59":1,"60":1,"61":1,"62":1,"63":22,"65":22,"66":5,"67":5,"68":5,"69":5,"70":4,"71":4,"73":5,"74":5,"75":3,"76":3,"77":22,"79":23,"80":1,"81":1,"82":1,"83":1,"84":1,"85":23,"87":1,"88":1,"89":7,"90":6,"91":6,"92":6,"93":6,"94":6,"95":6,"96":6,"97":7,"99":1,"100":1,"101":3,"102":2,"103":3,"104":1,"105":1,"106":3,"108":1,"109":1,"110":3,"111":2,"112":2,"113":2,"114":2,"115":2,"116":3,"117":3,"118":3,"120":1,"121":1,"122":4,"123":1,"124":1,"125":1,"126":4,"127":4,"129":1,"130":7,"131":3,"132":3,"133":3,"134":7,"136":1,"137":1,"138":5,"139":5,"141":1,"142":5,"143":5,"145":1,"146":5,"147":5,"149":1,"150":4,"151":4,"153":1,"154":1,"155":4,"156":4,"157":4,"158":4,"159":4,"161":1,"162":1,"163":5,"164":1,"165":1,"166":4,"167":4,"168":5,"169":1,"170":5,"171":1,"172":5,"173":1,"174":5,"175":1,"176":5,"177":0,"178":5,"179":5,"181":1,"182":1,"183":3,"184":3,"185":1,"187":1,"188":1,"190":1},"branchMap":{"0":{"type":"branch","line":5,"loc":{"start":{"line":5,"column":2},"end":{"line":16,"column":3}},"locations":[{"start":{"line":5,"column":2},"end":{"line":16,"column":3}}]},"1":{"type":"branch","line":19,"loc":{"start":{"line":19,"column":2},"end":{"line":86,"column":3}},"locations":[{"start":{"line":19,"column":2},"end":{"line":86,"column":3}}]},"2":{"type":"branch","line":20,"loc":{"start":{"line":20,"column":16},"end":{"line":20,"column":56}},"locations":[{"start":{"line":20,"column":16},"end":{"line":20,"column":56}}]},"3":{"type":"branch","line":20,"loc":{"start":{"line":20,"column":58},"end":{"line":23,"column":5}},"locations":[{"start":{"line":20,"column":58},"end":{"line":23,"column":5}}]},"4":{"type":"branch","line":23,"loc":{"start":{"line":23,"column":4},"end":{"line":80,"column":6}},"locations":[{"start":{"line":23,"column":4},"end":{"line":80,"column":6}}]},"5":{"type":"branch","line":80,"loc":{"start":{"line":80,"column":6},"end":{"line":85,"column":5}},"locations":[{"start":{"line":80,"column":6},"end":{"line":85,"column":5}}]},"6":{"type":"branch","line":37,"loc":{"start":{"line":37,"column":23},"end":{"line":44,"column":7}},"locations":[{"start":{"line":37,"column":23},"end":{"line":44,"column":7}}]},"7":{"type":"branch","line":41,"loc":{"start":{"line":41,"column":33},"end":{"line":43,"column":9}},"locations":[{"start":{"line":41,"column":33},"end":{"line":43,"column":9}}]},"8":{"type":"branch","line":46,"loc":{"start":{"line":46,"column":26},"end":{"line":57,"column":7}},"locations":[{"start":{"line":46,"column":26},"end":{"line":57,"column":7}}]},"9":{"type":"branch","line":54,"loc":{"start":{"line":54,"column":10},"end":{"line":56,"column":9}},"locations":[{"start":{"line":54,"column":10},"end":{"line":56,"column":9}}]},"10":{"type":"branch","line":59,"loc":{"start":{"line":59,"column":24},"end":{"line":64,"column":7}},"locations":[{"start":{"line":59,"column":24},"end":{"line":64,"column":7}}]},"11":{"type":"branch","line":66,"loc":{"start":{"line":66,"column":24},"end":{"line":78,"column":7}},"locations":[{"start":{"line":66,"column":24},"end":{"line":78,"column":7}}]},"12":{"type":"branch","line":70,"loc":{"start":{"line":70,"column":34},"end":{"line":72,"column":9}},"locations":[{"start":{"line":70,"column":34},"end":{"line":72,"column":9}}]},"13":{"type":"branch","line":75,"loc":{"start":{"line":75,"column":32},"end":{"line":75,"column":85}},"locations":[{"start":{"line":75,"column":32},"end":{"line":75,"column":85}}]},"14":{"type":"branch","line":75,"loc":{"start":{"line":75,"column":87},"end":{"line":77,"column":9}},"locations":[{"start":{"line":75,"column":87},"end":{"line":77,"column":9}}]},"15":{"type":"branch","line":89,"loc":{"start":{"line":89,"column":2},"end":{"line":98,"column":3}},"locations":[{"start":{"line":89,"column":2},"end":{"line":98,"column":3}}]},"16":{"type":"branch","line":90,"loc":{"start":{"line":90,"column":22},"end":{"line":90,"column":29}},"locations":[{"start":{"line":90,"column":22},"end":{"line":90,"column":29}}]},"17":{"type":"branch","line":90,"loc":{"start":{"line":90,"column":28},"end":{"line":98,"column":2}},"locations":[{"start":{"line":90,"column":28},"end":{"line":98,"column":2}}]},"18":{"type":"branch","line":95,"loc":{"start":{"line":95,"column":15},"end":{"line":97,"column":5}},"locations":[{"start":{"line":95,"column":15},"end":{"line":97,"column":5}}]},"19":{"type":"branch","line":101,"loc":{"start":{"line":101,"column":2},"end":{"line":107,"column":3}},"locations":[{"start":{"line":101,"column":2},"end":{"line":107,"column":3}}]},"20":{"type":"branch","line":102,"loc":{"start":{"line":102,"column":58},"end":{"line":104,"column":5}},"locations":[{"start":{"line":102,"column":58},"end":{"line":104,"column":5}}]},"21":{"type":"branch","line":104,"loc":{"start":{"line":104,"column":5},"end":{"line":106,"column":5}},"locations":[{"start":{"line":104,"column":5},"end":{"line":106,"column":5}}]},"22":{"type":"branch","line":110,"loc":{"start":{"line":110,"column":2},"end":{"line":119,"column":3}},"locations":[{"start":{"line":110,"column":2},"end":{"line":119,"column":3}}]},"23":{"type":"branch","line":111,"loc":{"start":{"line":111,"column":17},"end":{"line":116,"column":5}},"locations":[{"start":{"line":111,"column":17},"end":{"line":116,"column":5}}]},"24":{"type":"branch","line":122,"loc":{"start":{"line":122,"column":2},"end":{"line":128,"column":3}},"locations":[{"start":{"line":122,"column":2},"end":{"line":128,"column":3}}]},"25":{"type":"branch","line":123,"loc":{"start":{"line":123,"column":41},"end":{"line":127,"column":5}},"locations":[{"start":{"line":123,"column":41},"end":{"line":127,"column":5}}]},"26":{"type":"branch","line":130,"loc":{"start":{"line":130,"column":2},"end":{"line":135,"column":3}},"locations":[{"start":{"line":130,"column":2},"end":{"line":135,"column":3}}]},"27":{"type":"branch","line":131,"loc":{"start":{"line":131,"column":32},"end":{"line":134,"column":5}},"locations":[{"start":{"line":131,"column":32},"end":{"line":134,"column":5}}]},"28":{"type":"branch","line":138,"loc":{"start":{"line":138,"column":2},"end":{"line":140,"column":3}},"locations":[{"start":{"line":138,"column":2},"end":{"line":140,"column":3}}]},"29":{"type":"branch","line":142,"loc":{"start":{"line":142,"column":2},"end":{"line":144,"column":3}},"locations":[{"start":{"line":142,"column":2},"end":{"line":144,"column":3}}]},"30":{"type":"branch","line":146,"loc":{"start":{"line":146,"column":2},"end":{"line":148,"column":3}},"locations":[{"start":{"line":146,"column":2},"end":{"line":148,"column":3}}]},"31":{"type":"branch","line":150,"loc":{"start":{"line":150,"column":2},"end":{"line":152,"column":3}},"locations":[{"start":{"line":150,"column":2},"end":{"line":152,"column":3}}]},"32":{"type":"branch","line":155,"loc":{"start":{"line":155,"column":2},"end":{"line":160,"column":3}},"locations":[{"start":{"line":155,"column":2},"end":{"line":160,"column":3}}]},"33":{"type":"branch","line":163,"loc":{"start":{"line":163,"column":2},"end":{"line":180,"column":3}},"locations":[{"start":{"line":163,"column":2},"end":{"line":180,"column":3}}]},"34":{"type":"branch","line":164,"loc":{"start":{"line":164,"column":18},"end":{"line":166,"column":5}},"locations":[{"start":{"line":164,"column":18},"end":{"line":166,"column":5}}]},"35":{"type":"branch","line":166,"loc":{"start":{"line":166,"column":4},"end":{"line":169,"column":6}},"locations":[{"start":{"line":166,"column":4},"end":{"line":169,"column":6}}]},"36":{"type":"branch","line":169,"loc":{"start":{"line":169,"column":6},"end":{"line":170,"column":28}},"locations":[{"start":{"line":169,"column":6},"end":{"line":170,"column":28}}]},"37":{"type":"branch","line":171,"loc":{"start":{"line":171,"column":6},"end":{"line":172,"column":27}},"locations":[{"start":{"line":171,"column":6},"end":{"line":172,"column":27}}]},"38":{"type":"branch","line":173,"loc":{"start":{"line":173,"column":6},"end":{"line":174,"column":25}},"locations":[{"start":{"line":173,"column":6},"end":{"line":174,"column":25}}]},"39":{"type":"branch","line":175,"loc":{"start":{"line":175,"column":6},"end":{"line":176,"column":24}},"locations":[{"start":{"line":175,"column":6},"end":{"line":176,"column":24}}]},"40":{"type":"branch","line":177,"loc":{"start":{"line":177,"column":6},"end":{"line":178,"column":25}},"locations":[{"start":{"line":177,"column":6},"end":{"line":178,"column":25}}]},"41":{"type":"branch","line":183,"loc":{"start":{"line":183,"column":2},"end":{"line":185,"column":3}},"locations":[{"start":{"line":183,"column":2},"end":{"line":185,"column":3}}]},"42":{"type":"branch","line":184,"loc":{"start":{"line":184,"column":19},"end":{"line":184,"column":59}},"locations":[{"start":{"line":184,"column":19},"end":{"line":184,"column":59}}]}},"b":{"0":[1],"1":[23],"2":[5],"3":[1],"4":[22],"5":[1],"6":[4],"7":[1],"8":[2],"9":[1],"10":[1],"11":[5],"12":[4],"13":[3],"14":[3],"15":[7],"16":[1],"17":[6],"18":[6],"19":[3],"20":[2],"21":[1],"22":[3],"23":[2],"24":[4],"25":[1],"26":[7],"27":[3],"28":[5],"29":[5],"30":[5],"31":[4],"32":[4],"33":[5],"34":[1],"35":[4],"36":[1],"37":[1],"38":[1],"39":[1],"40":[0],"41":[3],"42":[2]},"fnMap":{"0":{"name":"TrainingLogWebSocket","decl":{"start":{"line":5,"column":2},"end":{"line":16,"column":3}},"loc":{"start":{"line":5,"column":2},"end":{"line":16,"column":3}},"line":5},"1":{"name":"connect","decl":{"start":{"line":19,"column":2},"end":{"line":86,"column":3}},"loc":{"start":{"line":19,"column":2},"end":{"line":86,"column":3}},"line":19},"2":{"name":"ws.onopen","decl":{"start":{"line":37,"column":23},"end":{"line":44,"column":7}},"loc":{"start":{"line":37,"column":23},"end":{"line":44,"column":7}},"line":37},"3":{"name":"ws.onmessage","decl":{"start":{"line":46,"column":26},"end":{"line":57,"column":7}},"loc":{"start":{"line":46,"column":26},"end":{"line":57,"column":7}},"line":46},"4":{"name":"ws.onerror","decl":{"start":{"line":59,"column":24},"end":{"line":64,"column":7}},"loc":{"start":{"line":59,"column":24},"end":{"line":64,"column":7}},"line":59},"5":{"name":"ws.onclose","decl":{"start":{"line":66,"column":24},"end":{"line":78,"column":7}},"loc":{"start":{"line":66,"column":24},"end":{"line":78,"column":7}},"line":66},"6":{"name":"reconnect","decl":{"start":{"line":89,"column":2},"end":{"line":98,"column":3}},"loc":{"start":{"line":89,"column":2},"end":{"line":98,"column":3}},"line":89},"7":{"name":"send","decl":{"start":{"line":101,"column":2},"end":{"line":107,"column":3}},"loc":{"start":{"line":101,"column":2},"end":{"line":107,"column":3}},"line":101},"8":{"name":"disconnect","decl":{"start":{"line":110,"column":2},"end":{"line":119,"column":3}},"loc":{"start":{"line":110,"column":2},"end":{"line":119,"column":3}},"line":110},"9":{"name":"startHeartbeat","decl":{"start":{"line":122,"column":2},"end":{"line":128,"column":3}},"loc":{"start":{"line":122,"column":2},"end":{"line":128,"column":3}},"line":122},"10":{"name":"stopHeartbeat","decl":{"start":{"line":130,"column":2},"end":{"line":135,"column":3}},"loc":{"start":{"line":130,"column":2},"end":{"line":135,"column":3}},"line":130},"11":{"name":"onMessage","decl":{"start":{"line":138,"column":2},"end":{"line":140,"column":3}},"loc":{"start":{"line":138,"column":2},"end":{"line":140,"column":3}},"line":138},"12":{"name":"onError","decl":{"start":{"line":142,"column":2},"end":{"line":144,"column":3}},"loc":{"start":{"line":142,"column":2},"end":{"line":144,"column":3}},"line":142},"13":{"name":"onClose","decl":{"start":{"line":146,"column":2},"end":{"line":148,"column":3}},"loc":{"start":{"line":146,"column":2},"end":{"line":148,"column":3}},"line":146},"14":{"name":"onOpen","decl":{"start":{"line":150,"column":2},"end":{"line":152,"column":3}},"loc":{"start":{"line":150,"column":2},"end":{"line":152,"column":3}},"line":150},"15":{"name":"clearCallbacks","decl":{"start":{"line":155,"column":2},"end":{"line":160,"column":3}},"loc":{"start":{"line":155,"column":2},"end":{"line":160,"column":3}},"line":155},"16":{"name":"getStatus","decl":{"start":{"line":163,"column":2},"end":{"line":180,"column":3}},"loc":{"start":{"line":163,"column":2},"end":{"line":180,"column":3}},"line":163},"17":{"name":"isConnected","decl":{"start":{"line":183,"column":2},"end":{"line":185,"column":3}},"loc":{"start":{"line":183,"column":2},"end":{"line":185,"column":3}},"line":183}},"f":{"0":1,"1":23,"2":4,"3":2,"4":1,"5":5,"6":7,"7":3,"8":3,"9":4,"10":7,"11":5,"12":5,"13":5,"14":4,"15":4,"16":5,"17":3}}
}
